<?xml version="1.0" encoding="UTF-8"?>
<coverage generated="1533485630068" clover="3.2.0">
  <project timestamp="1533485630069" name="All files">
    <metrics statements="35" coveredstatements="31" conditionals="26" coveredconditionals="25" methods="9" coveredmethods="5" elements="70" coveredelements="61" complexity="0" loc="35" ncloc="35" packages="5" files="9" classes="9">
      <package name="src">
        <metrics statements="3" coveredstatements="3" conditionals="0" coveredconditionals="0" methods="1" coveredmethods="0"/>
        <file name="i18n.js" path="/home/sinh/Documents/dva-projects/jest-test-demo (copy)/src/i18n.js">
          <metrics statements="1" coveredstatements="1" conditionals="0" coveredconditionals="0" methods="0" coveredmethods="0"/>
          <line num="4" count="1" type="stmt"/>
        </file>
        <file name="setupTest.js" path="/home/sinh/Documents/dva-projects/jest-test-demo (copy)/src/setupTest.js">
          <metrics statements="2" coveredstatements="2" conditionals="0" coveredconditionals="0" methods="1" coveredmethods="0"/>
          <line num="4" count="3" type="stmt"/>
          <line num="5" count="3" type="stmt"/>
        </file>
      </package>
      <package name="src.configs">
        <metrics statements="0" coveredstatements="0" conditionals="0" coveredconditionals="0" methods="0" coveredmethods="0"/>
        <file name="app.js" path="/home/sinh/Documents/dva-projects/jest-test-demo (copy)/src/configs/app.js">
          <metrics statements="0" coveredstatements="0" conditionals="0" coveredconditionals="0" methods="0" coveredmethods="0"/>
        </file>
        <file name="image.js" path="/home/sinh/Documents/dva-projects/jest-test-demo (copy)/src/configs/image.js">
          <metrics statements="0" coveredstatements="0" conditionals="0" coveredconditionals="0" methods="0" coveredmethods="0"/>
        </file>
        <file name="index.js" path="/home/sinh/Documents/dva-projects/jest-test-demo (copy)/src/configs/index.js">
          <metrics statements="0" coveredstatements="0" conditionals="0" coveredconditionals="0" methods="0" coveredmethods="0"/>
        </file>
        <file name="message.js" path="/home/sinh/Documents/dva-projects/jest-test-demo (copy)/src/configs/message.js">
          <metrics statements="0" coveredstatements="0" conditionals="0" coveredconditionals="0" methods="0" coveredmethods="0"/>
        </file>
      </package>
      <package name="src.screens.home">
        <metrics statements="14" coveredstatements="10" conditionals="2" coveredconditionals="1" methods="6" coveredmethods="3"/>
        <file name="view.js" path="/home/sinh/Documents/dva-projects/jest-test-demo (copy)/src/screens/home/view.js">
          <metrics statements="14" coveredstatements="10" conditionals="2" coveredconditionals="1" methods="6" coveredmethods="3"/>
          <line num="8" count="1" type="stmt"/>
          <line num="12" count="2" type="stmt"/>
          <line num="13" count="2" type="stmt"/>
          <line num="19" count="1" type="stmt"/>
          <line num="20" count="1" type="stmt"/>
          <line num="26" count="2" type="stmt"/>
          <line num="27" count="2" type="stmt"/>
          <line num="28" count="2" type="stmt"/>
          <line num="29" count="0" type="stmt"/>
          <line num="31" count="2" type="cond" truecount="1" falsecount="1"/>
          <line num="32" count="0" type="stmt"/>
          <line num="34" count="2" type="stmt"/>
          <line num="38" count="0" type="stmt"/>
          <line num="53" count="0" type="stmt"/>
        </file>
      </package>
      <package name="src.screens.login">
        <metrics statements="6" coveredstatements="6" conditionals="6" coveredconditionals="6" methods="1" coveredmethods="1"/>
        <file name="validator.js" path="/home/sinh/Documents/dva-projects/jest-test-demo (copy)/src/screens/login/validator.js">
          <metrics statements="6" coveredstatements="6" conditionals="6" coveredconditionals="6" methods="1" coveredmethods="1"/>
          <line num="3" count="1" type="stmt"/>
          <line num="4" count="3" type="cond" truecount="4" falsecount="0"/>
          <line num="5" count="1" type="stmt"/>
          <line num="6" count="2" type="cond" truecount="2" falsecount="0"/>
          <line num="7" count="1" type="stmt"/>
          <line num="9" count="1" type="stmt"/>
        </file>
      </package>
      <package name="src.screens.register">
        <metrics statements="12" coveredstatements="12" conditionals="18" coveredconditionals="18" methods="1" coveredmethods="1"/>
        <file name="validator.js" path="/home/sinh/Documents/dva-projects/jest-test-demo (copy)/src/screens/register/validator.js">
          <metrics statements="12" coveredstatements="12" conditionals="18" coveredconditionals="18" methods="1" coveredmethods="1"/>
          <line num="3" count="1" type="stmt"/>
          <line num="4" count="6" type="cond" truecount="6" falsecount="0"/>
          <line num="5" count="1" type="stmt"/>
          <line num="6" count="5" type="cond" truecount="4" falsecount="0"/>
          <line num="7" count="1" type="stmt"/>
          <line num="8" count="4" type="cond" truecount="4" falsecount="0"/>
          <line num="9" count="1" type="stmt"/>
          <line num="10" count="3" type="cond" truecount="2" falsecount="0"/>
          <line num="11" count="1" type="stmt"/>
          <line num="12" count="2" type="cond" truecount="2" falsecount="0"/>
          <line num="13" count="1" type="stmt"/>
          <line num="15" count="1" type="stmt"/>
        </file>
      </package>
    </metrics>
  </project>
</coverage>
