{"/home/sinh/Desktop/internship/luu-van-sinh/jest-test-demo/src/i18n.js": {"path":"/home/sinh/Desktop/internship/luu-van-sinh/jest-test-demo/src/i18n.js","statementMap":{"0":{"start":{"line":7,"column":0},"end":{"line":28,"column":3}}},"fnMap":{},"branchMap":{},"s":{"0":2},"f":{},"b":{},"_coverageSchema":"332fd63041d2c1bcb487cc26dd0d5f7d97098a6c","hash":"c179ab9a85cd43963e8bd8d047ecd3a56165bdf4"}
,"/home/sinh/Desktop/internship/luu-van-sinh/jest-test-demo/src/setupTest.js": {"path":"/home/sinh/Desktop/internship/luu-van-sinh/jest-test-demo/src/setupTest.js","statementMap":{"0":{"start":{"line":4,"column":0},"end":{"line":4,"column":37}}},"fnMap":{},"branchMap":{},"s":{"0":6},"f":{},"b":{},"_coverageSchema":"332fd63041d2c1bcb487cc26dd0d5f7d97098a6c","hash":"975b51e4e29279cd5bcab5c81b6298d4f6ba5d32"}
,"/home/sinh/Desktop/internship/luu-van-sinh/jest-test-demo/src/components/account-kit-login.js": {"path":"/home/sinh/Desktop/internship/luu-van-sinh/jest-test-demo/src/components/account-kit-login.js","statementMap":{"0":{"start":{"line":8,"column":27},"end":{"line":8,"column":35}},"1":{"start":{"line":9,"column":18},"end":{"line":9,"column":28}},"2":{"start":{"line":10,"column":4},"end":{"line":21,"column":5}},"3":{"start":{"line":14,"column":28},"end":{"line":14,"column":45}},"4":{"start":{"line":19,"column":14},"end":{"line":19,"column":65}}},"fnMap":{"0":{"name":"(anonymous_0)","decl":{"start":{"line":7,"column":2},"end":{"line":7,"column":3}},"loc":{"start":{"line":7,"column":11},"end":{"line":22,"column":3}},"line":7},"1":{"name":"(anonymous_1)","decl":{"start":{"line":14,"column":20},"end":{"line":14,"column":21}},"loc":{"start":{"line":14,"column":28},"end":{"line":14,"column":45}},"line":14},"2":{"name":"(anonymous_2)","decl":{"start":{"line":19,"column":9},"end":{"line":19,"column":10}},"loc":{"start":{"line":19,"column":14},"end":{"line":19,"column":65}},"line":19}},"branchMap":{},"s":{"0":0,"1":0,"2":0,"3":0,"4":0},"f":{"0":0,"1":0,"2":0},"b":{},"_coverageSchema":"332fd63041d2c1bcb487cc26dd0d5f7d97098a6c","hash":"b1e41340d26a35f96fb0e8b03e40b1ce2d264a4a"}
,"/home/sinh/Desktop/internship/luu-van-sinh/jest-test-demo/src/components/country-flag.js": {"path":"/home/sinh/Desktop/internship/luu-van-sinh/jest-test-demo/src/components/country-flag.js","statementMap":{"0":{"start":{"line":8,"column":47},"end":{"line":8,"column":57}},"1":{"start":{"line":9,"column":4},"end":{"line":13,"column":5}},"2":{"start":{"line":10,"column":29},"end":{"line":10,"column":53}}},"fnMap":{"0":{"name":"(anonymous_0)","decl":{"start":{"line":7,"column":2},"end":{"line":7,"column":3}},"loc":{"start":{"line":7,"column":11},"end":{"line":14,"column":3}},"line":7},"1":{"name":"(anonymous_1)","decl":{"start":{"line":10,"column":23},"end":{"line":10,"column":24}},"loc":{"start":{"line":10,"column":29},"end":{"line":10,"column":53}},"line":10}},"branchMap":{},"s":{"0":2,"1":2,"2":1},"f":{"0":2,"1":1},"b":{},"_coverageSchema":"332fd63041d2c1bcb487cc26dd0d5f7d97098a6c","hash":"399ae87bfddc54b90b4459cb88fece7725f39140"}
,"/home/sinh/Desktop/internship/luu-van-sinh/jest-test-demo/src/components/index.js": {"path":"/home/sinh/Desktop/internship/luu-van-sinh/jest-test-demo/src/components/index.js","statementMap":{},"fnMap":{},"branchMap":{},"s":{},"f":{},"b":{},"_coverageSchema":"332fd63041d2c1bcb487cc26dd0d5f7d97098a6c","hash":"cd02dbf1158bfed0326eb83f9c75529949fca682"}
,"/home/sinh/Desktop/internship/luu-van-sinh/jest-test-demo/src/components/notification.js": {"path":"/home/sinh/Desktop/internship/luu-van-sinh/jest-test-demo/src/components/notification.js","statementMap":{"0":{"start":{"line":4,"column":23},"end":{"line":6,"column":1}},"1":{"start":{"line":5,"column":2},"end":{"line":5,"column":54}}},"fnMap":{"0":{"name":"(anonymous_0)","decl":{"start":{"line":4,"column":23},"end":{"line":4,"column":24}},"loc":{"start":{"line":5,"column":2},"end":{"line":5,"column":54}},"line":5}},"branchMap":{"0":{"loc":{"start":{"line":5,"column":10},"end":{"line":5,"column":47}},"type":"binary-expr","locations":[{"start":{"line":5,"column":10},"end":{"line":5,"column":14}},{"start":{"line":5,"column":18},"end":{"line":5,"column":47}}],"line":5}},"s":{"0":2,"1":2},"f":{"0":2},"b":{"0":[2,0]},"_coverageSchema":"332fd63041d2c1bcb487cc26dd0d5f7d97098a6c","hash":"f6b51696c7cea03b2931b3bd196da86601dd99a8"}
,"/home/sinh/Desktop/internship/luu-van-sinh/jest-test-demo/src/configs/app.js": {"path":"/home/sinh/Desktop/internship/luu-van-sinh/jest-test-demo/src/configs/app.js","statementMap":{},"fnMap":{},"branchMap":{},"s":{},"f":{},"b":{},"_coverageSchema":"332fd63041d2c1bcb487cc26dd0d5f7d97098a6c","hash":"8a1a38344c276392def933338bb64975167110b4"}
,"/home/sinh/Desktop/internship/luu-van-sinh/jest-test-demo/src/configs/image.js": {"path":"/home/sinh/Desktop/internship/luu-van-sinh/jest-test-demo/src/configs/image.js","statementMap":{},"fnMap":{},"branchMap":{},"s":{},"f":{},"b":{},"_coverageSchema":"332fd63041d2c1bcb487cc26dd0d5f7d97098a6c","hash":"f982a1c1d17e9cbb4829c521cbab57857f7994d6"}
,"/home/sinh/Desktop/internship/luu-van-sinh/jest-test-demo/src/configs/index.js": {"path":"/home/sinh/Desktop/internship/luu-van-sinh/jest-test-demo/src/configs/index.js","statementMap":{},"fnMap":{},"branchMap":{},"s":{},"f":{},"b":{},"_coverageSchema":"332fd63041d2c1bcb487cc26dd0d5f7d97098a6c","hash":"26c6a163a44667a5c9fa407ba5d4a3cf79212d37"}
,"/home/sinh/Desktop/internship/luu-van-sinh/jest-test-demo/src/configs/key.js": {"path":"/home/sinh/Desktop/internship/luu-van-sinh/jest-test-demo/src/configs/key.js","statementMap":{},"fnMap":{},"branchMap":{},"s":{},"f":{},"b":{},"_coverageSchema":"332fd63041d2c1bcb487cc26dd0d5f7d97098a6c","hash":"e9f7e1808addcedae2fbc5fb39ea01bae8ea5533"}
,"/home/sinh/Desktop/internship/luu-van-sinh/jest-test-demo/src/configs/message.js": {"path":"/home/sinh/Desktop/internship/luu-van-sinh/jest-test-demo/src/configs/message.js","statementMap":{},"fnMap":{},"branchMap":{},"s":{},"f":{},"b":{},"_coverageSchema":"332fd63041d2c1bcb487cc26dd0d5f7d97098a6c","hash":"500a48bcd91dcc0d878b5151bc4a2bb6e38a18be"}
,"/home/sinh/Desktop/internship/luu-van-sinh/jest-test-demo/src/configs/url.js": {"path":"/home/sinh/Desktop/internship/luu-van-sinh/jest-test-demo/src/configs/url.js","statementMap":{},"fnMap":{},"branchMap":{},"s":{},"f":{},"b":{},"_coverageSchema":"332fd63041d2c1bcb487cc26dd0d5f7d97098a6c","hash":"82870e63ee71a2552fece79bb7e29c82fe41ea6a"}
,"/home/sinh/Desktop/internship/luu-van-sinh/jest-test-demo/src/configs/locale/en.js": {"path":"/home/sinh/Desktop/internship/luu-van-sinh/jest-test-demo/src/configs/locale/en.js","statementMap":{},"fnMap":{},"branchMap":{},"s":{},"f":{},"b":{},"_coverageSchema":"332fd63041d2c1bcb487cc26dd0d5f7d97098a6c","hash":"d01ba8dbf1544602ebcbaf2c174a13e84441166d"}
,"/home/sinh/Desktop/internship/luu-van-sinh/jest-test-demo/src/configs/locale/index.js": {"path":"/home/sinh/Desktop/internship/luu-van-sinh/jest-test-demo/src/configs/locale/index.js","statementMap":{},"fnMap":{},"branchMap":{},"s":{},"f":{},"b":{},"_coverageSchema":"332fd63041d2c1bcb487cc26dd0d5f7d97098a6c","hash":"e3095f42824d0e89172120289f7690ce6f4b5a60"}
,"/home/sinh/Desktop/internship/luu-van-sinh/jest-test-demo/src/configs/locale/vi.js": {"path":"/home/sinh/Desktop/internship/luu-van-sinh/jest-test-demo/src/configs/locale/vi.js","statementMap":{},"fnMap":{},"branchMap":{},"s":{},"f":{},"b":{},"_coverageSchema":"332fd63041d2c1bcb487cc26dd0d5f7d97098a6c","hash":"f2e4aa69838b1cedd04a995c0898b87f04caada6"}
,"/home/sinh/Desktop/internship/luu-van-sinh/jest-test-demo/src/screens/home/view.js": {"path":"/home/sinh/Desktop/internship/luu-van-sinh/jest-test-demo/src/screens/home/view.js","statementMap":{"0":{"start":{"line":9,"column":19},"end":{"line":9,"column":25}},"1":{"start":{"line":13,"column":25},"end":{"line":13,"column":35}},"2":{"start":{"line":14,"column":4},"end":{"line":16,"column":6}},"3":{"start":{"line":23,"column":25},"end":{"line":23,"column":35}},"4":{"start":{"line":24,"column":4},"end":{"line":26,"column":6}},"5":{"start":{"line":33,"column":21},"end":{"line":33,"column":31}},"6":{"start":{"line":34,"column":4},"end":{"line":34,"column":28}},"7":{"start":{"line":38,"column":30},"end":{"line":38,"column":40}},"8":{"start":{"line":39,"column":28},"end":{"line":39,"column":41}},"9":{"start":{"line":40,"column":4},"end":{"line":42,"column":5}},"10":{"start":{"line":41,"column":6},"end":{"line":41,"column":17}},"11":{"start":{"line":43,"column":4},"end":{"line":61,"column":5}},"12":{"start":{"line":47,"column":70},"end":{"line":47,"column":96}},"13":{"start":{"line":50,"column":18},"end":{"line":50,"column":91}},"14":{"start":{"line":65,"column":38},"end":{"line":65,"column":57}}},"fnMap":{"0":{"name":"(anonymous_0)","decl":{"start":{"line":12,"column":2},"end":{"line":12,"column":3}},"loc":{"start":{"line":12,"column":22},"end":{"line":17,"column":3}},"line":12},"1":{"name":"(anonymous_1)","decl":{"start":{"line":22,"column":11},"end":{"line":22,"column":12}},"loc":{"start":{"line":22,"column":17},"end":{"line":27,"column":3}},"line":22},"2":{"name":"(anonymous_2)","decl":{"start":{"line":32,"column":19},"end":{"line":32,"column":20}},"loc":{"start":{"line":32,"column":28},"end":{"line":35,"column":3}},"line":32},"3":{"name":"(anonymous_3)","decl":{"start":{"line":37,"column":2},"end":{"line":37,"column":3}},"loc":{"start":{"line":37,"column":11},"end":{"line":62,"column":3}},"line":37},"4":{"name":"(anonymous_4)","decl":{"start":{"line":47,"column":61},"end":{"line":47,"column":62}},"loc":{"start":{"line":47,"column":70},"end":{"line":47,"column":96}},"line":47},"5":{"name":"(anonymous_5)","decl":{"start":{"line":49,"column":36},"end":{"line":49,"column":37}},"loc":{"start":{"line":50,"column":18},"end":{"line":50,"column":91}},"line":50},"6":{"name":"(anonymous_6)","decl":{"start":{"line":65,"column":23},"end":{"line":65,"column":24}},"loc":{"start":{"line":65,"column":38},"end":{"line":65,"column":57}},"line":65}},"branchMap":{"0":{"loc":{"start":{"line":40,"column":4},"end":{"line":42,"column":5}},"type":"if","locations":[{"start":{"line":40,"column":4},"end":{"line":42,"column":5}},{"start":{"line":40,"column":4},"end":{"line":42,"column":5}}],"line":40}},"s":{"0":1,"1":5,"2":5,"3":1,"4":1,"5":2,"6":2,"7":5,"8":5,"9":5,"10":1,"11":4,"12":2,"13":8,"14":0},"f":{"0":5,"1":1,"2":2,"3":5,"4":2,"5":8,"6":0},"b":{"0":[1,4]},"_coverageSchema":"332fd63041d2c1bcb487cc26dd0d5f7d97098a6c","hash":"0e50ec7b5fb88f27cf1d48dfcd578e9b820d95ba"}
,"/home/sinh/Desktop/internship/luu-van-sinh/jest-test-demo/src/screens/login/validator.js": {"path":"/home/sinh/Desktop/internship/luu-van-sinh/jest-test-demo/src/screens/login/validator.js","statementMap":{"0":{"start":{"line":8,"column":17},"end":{"line":18,"column":1}},"1":{"start":{"line":9,"column":19},"end":{"line":9,"column":50}},"2":{"start":{"line":10,"column":2},"end":{"line":16,"column":3}},"3":{"start":{"line":11,"column":4},"end":{"line":11,"column":43}},"4":{"start":{"line":12,"column":9},"end":{"line":16,"column":3}},"5":{"start":{"line":13,"column":4},"end":{"line":13,"column":42}},"6":{"start":{"line":15,"column":4},"end":{"line":15,"column":27}},"7":{"start":{"line":17,"column":2},"end":{"line":17,"column":17}}},"fnMap":{"0":{"name":"(anonymous_0)","decl":{"start":{"line":8,"column":17},"end":{"line":8,"column":18}},"loc":{"start":{"line":8,"column":38},"end":{"line":18,"column":1}},"line":8}},"branchMap":{"0":{"loc":{"start":{"line":10,"column":2},"end":{"line":16,"column":3}},"type":"if","locations":[{"start":{"line":10,"column":2},"end":{"line":16,"column":3}},{"start":{"line":10,"column":2},"end":{"line":16,"column":3}}],"line":10},"1":{"loc":{"start":{"line":10,"column":6},"end":{"line":10,"column":25}},"type":"binary-expr","locations":[{"start":{"line":10,"column":6},"end":{"line":10,"column":12}},{"start":{"line":10,"column":16},"end":{"line":10,"column":25}}],"line":10},"2":{"loc":{"start":{"line":12,"column":9},"end":{"line":16,"column":3}},"type":"if","locations":[{"start":{"line":12,"column":9},"end":{"line":16,"column":3}},{"start":{"line":12,"column":9},"end":{"line":16,"column":3}}],"line":12}},"s":{"0":2,"1":5,"2":5,"3":2,"4":3,"5":1,"6":2,"7":5},"f":{"0":5},"b":{"0":[2,3],"1":[5,4],"2":[1,2]},"_coverageSchema":"332fd63041d2c1bcb487cc26dd0d5f7d97098a6c","hash":"31dccab6ffb901fab4fbe860bd917de2713532db"}
,"/home/sinh/Desktop/internship/luu-van-sinh/jest-test-demo/src/screens/login/view.js": {"path":"/home/sinh/Desktop/internship/luu-van-sinh/jest-test-demo/src/screens/login/view.js","statementMap":{"0":{"start":{"line":13,"column":17},"end":{"line":13,"column":26}},"1":{"start":{"line":17,"column":4},"end":{"line":17,"column":16}},"2":{"start":{"line":18,"column":4},"end":{"line":21,"column":5}},"3":{"start":{"line":28,"column":21},"end":{"line":28,"column":23}},"4":{"start":{"line":29,"column":4},"end":{"line":29,"column":44}},"5":{"start":{"line":30,"column":4},"end":{"line":30,"column":27}},"6":{"start":{"line":37,"column":32},"end":{"line":37,"column":42}},"7":{"start":{"line":38,"column":28},"end":{"line":38,"column":38}},"8":{"start":{"line":39,"column":33},"end":{"line":39,"column":58}},"9":{"start":{"line":40,"column":4},"end":{"line":50,"column":5}},"10":{"start":{"line":41,"column":6},"end":{"line":47,"column":8}},"11":{"start":{"line":49,"column":6},"end":{"line":49,"column":82}},"12":{"start":{"line":54,"column":24},"end":{"line":54,"column":34}},"13":{"start":{"line":55,"column":27},"end":{"line":57,"column":5}},"14":{"start":{"line":56,"column":6},"end":{"line":56,"column":30}},"15":{"start":{"line":58,"column":4},"end":{"line":119,"column":5}},"16":{"start":{"line":109,"column":14},"end":{"line":114,"column":16}}},"fnMap":{"0":{"name":"(anonymous_0)","decl":{"start":{"line":16,"column":2},"end":{"line":16,"column":3}},"loc":{"start":{"line":16,"column":21},"end":{"line":22,"column":3}},"line":16},"1":{"name":"(anonymous_1)","decl":{"start":{"line":27,"column":17},"end":{"line":27,"column":18}},"loc":{"start":{"line":27,"column":24},"end":{"line":31,"column":3}},"line":27},"2":{"name":"(anonymous_2)","decl":{"start":{"line":36,"column":16},"end":{"line":36,"column":17}},"loc":{"start":{"line":36,"column":22},"end":{"line":51,"column":3}},"line":36},"3":{"name":"(anonymous_3)","decl":{"start":{"line":53,"column":2},"end":{"line":53,"column":3}},"loc":{"start":{"line":53,"column":11},"end":{"line":120,"column":3}},"line":53},"4":{"name":"(anonymous_4)","decl":{"start":{"line":55,"column":27},"end":{"line":55,"column":28}},"loc":{"start":{"line":55,"column":36},"end":{"line":57,"column":5}},"line":55},"5":{"name":"(anonymous_5)","decl":{"start":{"line":108,"column":32},"end":{"line":108,"column":33}},"loc":{"start":{"line":109,"column":14},"end":{"line":114,"column":16}},"line":109}},"branchMap":{"0":{"loc":{"start":{"line":40,"column":4},"end":{"line":50,"column":5}},"type":"if","locations":[{"start":{"line":40,"column":4},"end":{"line":50,"column":5}},{"start":{"line":40,"column":4},"end":{"line":50,"column":5}}],"line":40}},"s":{"0":1,"1":1,"2":1,"3":3,"4":3,"5":3,"6":2,"7":2,"8":2,"9":2,"10":1,"11":1,"12":4,"13":4,"14":0,"15":4,"16":8},"f":{"0":1,"1":3,"2":2,"3":4,"4":0,"5":8},"b":{"0":[1,1]},"_coverageSchema":"332fd63041d2c1bcb487cc26dd0d5f7d97098a6c","hash":"f6de7f7416ff76f50f3482db6676b5df2b86bbc8"}
,"/home/sinh/Desktop/internship/luu-van-sinh/jest-test-demo/src/screens/register/validator.js": {"path":"/home/sinh/Desktop/internship/luu-van-sinh/jest-test-demo/src/screens/register/validator.js","statementMap":{"0":{"start":{"line":10,"column":17},"end":{"line":26,"column":1}},"1":{"start":{"line":11,"column":19},"end":{"line":11,"column":50}},"2":{"start":{"line":12,"column":2},"end":{"line":24,"column":3}},"3":{"start":{"line":13,"column":4},"end":{"line":13,"column":43}},"4":{"start":{"line":14,"column":9},"end":{"line":24,"column":3}},"5":{"start":{"line":15,"column":4},"end":{"line":15,"column":47}},"6":{"start":{"line":16,"column":9},"end":{"line":24,"column":3}},"7":{"start":{"line":17,"column":4},"end":{"line":17,"column":40}},"8":{"start":{"line":18,"column":9},"end":{"line":24,"column":3}},"9":{"start":{"line":19,"column":4},"end":{"line":19,"column":42}},"10":{"start":{"line":20,"column":9},"end":{"line":24,"column":3}},"11":{"start":{"line":21,"column":4},"end":{"line":21,"column":63}},"12":{"start":{"line":23,"column":4},"end":{"line":23,"column":27}},"13":{"start":{"line":25,"column":2},"end":{"line":25,"column":17}}},"fnMap":{"0":{"name":"(anonymous_0)","decl":{"start":{"line":10,"column":17},"end":{"line":10,"column":18}},"loc":{"start":{"line":10,"column":49},"end":{"line":26,"column":1}},"line":10}},"branchMap":{"0":{"loc":{"start":{"line":12,"column":2},"end":{"line":24,"column":3}},"type":"if","locations":[{"start":{"line":12,"column":2},"end":{"line":24,"column":3}},{"start":{"line":12,"column":2},"end":{"line":24,"column":3}}],"line":12},"1":{"loc":{"start":{"line":12,"column":6},"end":{"line":12,"column":42}},"type":"binary-expr","locations":[{"start":{"line":12,"column":6},"end":{"line":12,"column":12}},{"start":{"line":12,"column":16},"end":{"line":12,"column":25}},{"start":{"line":12,"column":29},"end":{"line":12,"column":34}},{"start":{"line":12,"column":38},"end":{"line":12,"column":42}}],"line":12},"2":{"loc":{"start":{"line":14,"column":9},"end":{"line":24,"column":3}},"type":"if","locations":[{"start":{"line":14,"column":9},"end":{"line":24,"column":3}},{"start":{"line":14,"column":9},"end":{"line":24,"column":3}}],"line":14},"3":{"loc":{"start":{"line":14,"column":13},"end":{"line":14,"column":49}},"type":"binary-expr","locations":[{"start":{"line":14,"column":13},"end":{"line":14,"column":28}},{"start":{"line":14,"column":32},"end":{"line":14,"column":49}}],"line":14},"4":{"loc":{"start":{"line":16,"column":9},"end":{"line":24,"column":3}},"type":"if","locations":[{"start":{"line":16,"column":9},"end":{"line":24,"column":3}},{"start":{"line":16,"column":9},"end":{"line":24,"column":3}}],"line":16},"5":{"loc":{"start":{"line":16,"column":13},"end":{"line":16,"column":33}},"type":"binary-expr","locations":[{"start":{"line":16,"column":13},"end":{"line":16,"column":20}},{"start":{"line":16,"column":24},"end":{"line":16,"column":33}}],"line":16},"6":{"loc":{"start":{"line":18,"column":9},"end":{"line":24,"column":3}},"type":"if","locations":[{"start":{"line":18,"column":9},"end":{"line":24,"column":3}},{"start":{"line":18,"column":9},"end":{"line":24,"column":3}}],"line":18},"7":{"loc":{"start":{"line":20,"column":9},"end":{"line":24,"column":3}},"type":"if","locations":[{"start":{"line":20,"column":9},"end":{"line":24,"column":3}},{"start":{"line":20,"column":9},"end":{"line":24,"column":3}}],"line":20}},"s":{"0":2,"1":8,"2":8,"3":2,"4":6,"5":1,"6":5,"7":1,"8":4,"9":1,"10":3,"11":1,"12":2,"13":8},"f":{"0":8},"b":{"0":[2,6],"1":[8,7,7,6],"2":[1,5],"3":[6,5],"4":[1,4],"5":[5,4],"6":[1,3],"7":[1,2]},"_coverageSchema":"332fd63041d2c1bcb487cc26dd0d5f7d97098a6c","hash":"f9854f51a11b7d5298a89c64ddb800d3c0110a0e"}
,"/home/sinh/Desktop/internship/luu-van-sinh/jest-test-demo/src/screens/register/view.js": {"path":"/home/sinh/Desktop/internship/luu-van-sinh/jest-test-demo/src/screens/register/view.js","statementMap":{"0":{"start":{"line":11,"column":17},"end":{"line":11,"column":26}},"1":{"start":{"line":15,"column":4},"end":{"line":15,"column":16}},"2":{"start":{"line":16,"column":4},"end":{"line":21,"column":5}},"3":{"start":{"line":28,"column":21},"end":{"line":28,"column":23}},"4":{"start":{"line":29,"column":4},"end":{"line":29,"column":44}},"5":{"start":{"line":30,"column":4},"end":{"line":30,"column":27}},"6":{"start":{"line":37,"column":43},"end":{"line":37,"column":53}},"7":{"start":{"line":38,"column":28},"end":{"line":38,"column":38}},"8":{"start":{"line":39,"column":33},"end":{"line":39,"column":69}},"9":{"start":{"line":40,"column":4},"end":{"line":49,"column":5}},"10":{"start":{"line":41,"column":6},"end":{"line":46,"column":7}},"11":{"start":{"line":48,"column":6},"end":{"line":48,"column":82}},"12":{"start":{"line":53,"column":24},"end":{"line":53,"column":34}},"13":{"start":{"line":54,"column":27},"end":{"line":56,"column":5}},"14":{"start":{"line":55,"column":6},"end":{"line":55,"column":30}},"15":{"start":{"line":57,"column":4},"end":{"line":135,"column":5}},"16":{"start":{"line":125,"column":14},"end":{"line":130,"column":16}}},"fnMap":{"0":{"name":"(anonymous_0)","decl":{"start":{"line":14,"column":2},"end":{"line":14,"column":3}},"loc":{"start":{"line":14,"column":21},"end":{"line":22,"column":3}},"line":14},"1":{"name":"(anonymous_1)","decl":{"start":{"line":27,"column":17},"end":{"line":27,"column":18}},"loc":{"start":{"line":27,"column":24},"end":{"line":31,"column":3}},"line":27},"2":{"name":"(anonymous_2)","decl":{"start":{"line":36,"column":19},"end":{"line":36,"column":20}},"loc":{"start":{"line":36,"column":25},"end":{"line":50,"column":3}},"line":36},"3":{"name":"(anonymous_3)","decl":{"start":{"line":52,"column":2},"end":{"line":52,"column":3}},"loc":{"start":{"line":52,"column":11},"end":{"line":136,"column":3}},"line":52},"4":{"name":"(anonymous_4)","decl":{"start":{"line":54,"column":27},"end":{"line":54,"column":28}},"loc":{"start":{"line":54,"column":36},"end":{"line":56,"column":5}},"line":54},"5":{"name":"(anonymous_5)","decl":{"start":{"line":124,"column":32},"end":{"line":124,"column":33}},"loc":{"start":{"line":125,"column":14},"end":{"line":130,"column":16}},"line":125}},"branchMap":{"0":{"loc":{"start":{"line":40,"column":4},"end":{"line":49,"column":5}},"type":"if","locations":[{"start":{"line":40,"column":4},"end":{"line":49,"column":5}},{"start":{"line":40,"column":4},"end":{"line":49,"column":5}}],"line":40}},"s":{"0":1,"1":1,"2":1,"3":5,"4":5,"5":5,"6":2,"7":2,"8":2,"9":2,"10":1,"11":1,"12":6,"13":6,"14":0,"15":6,"16":12},"f":{"0":1,"1":5,"2":2,"3":6,"4":0,"5":12},"b":{"0":[1,1]},"_coverageSchema":"332fd63041d2c1bcb487cc26dd0d5f7d97098a6c","hash":"ee9fe3ff2f33578ac7150025ea9fc57a826ab5ef"}
}
