{"/home/sinh/Documents/internship/luu-van-sinh/jest-test-demo/src/i18n.js": {"path":"/home/sinh/Documents/internship/luu-van-sinh/jest-test-demo/src/i18n.js","statementMap":{"0":{"start":{"line":4,"column":0},"end":{"line":77,"column":3}}},"fnMap":{},"branchMap":{},"s":{"0":2},"f":{},"b":{},"_coverageSchema":"332fd63041d2c1bcb487cc26dd0d5f7d97098a6c","hash":"31033792bfd8e879896ae8c1c1b17c82db0be5e1"}
,"/home/sinh/Documents/internship/luu-van-sinh/jest-test-demo/src/setupTest.js": {"path":"/home/sinh/Documents/internship/luu-van-sinh/jest-test-demo/src/setupTest.js","statementMap":{"0":{"start":{"line":4,"column":0},"end":{"line":4,"column":37}}},"fnMap":{},"branchMap":{},"s":{"0":4},"f":{},"b":{},"_coverageSchema":"332fd63041d2c1bcb487cc26dd0d5f7d97098a6c","hash":"c9d0700aec821e0609e21c7955eb1b7b5ad11006"}
,"/home/sinh/Documents/internship/luu-van-sinh/jest-test-demo/src/components/country-flag.js": {"path":"/home/sinh/Documents/internship/luu-van-sinh/jest-test-demo/src/components/country-flag.js","statementMap":{"0":{"start":{"line":8,"column":47},"end":{"line":8,"column":57}},"1":{"start":{"line":9,"column":4},"end":{"line":13,"column":5}},"2":{"start":{"line":10,"column":29},"end":{"line":10,"column":53}}},"fnMap":{"0":{"name":"(anonymous_0)","decl":{"start":{"line":7,"column":2},"end":{"line":7,"column":3}},"loc":{"start":{"line":7,"column":11},"end":{"line":14,"column":3}},"line":7},"1":{"name":"(anonymous_1)","decl":{"start":{"line":10,"column":23},"end":{"line":10,"column":24}},"loc":{"start":{"line":10,"column":29},"end":{"line":10,"column":53}},"line":10}},"branchMap":{},"s":{"0":2,"1":2,"2":1},"f":{"0":2,"1":1},"b":{},"_coverageSchema":"332fd63041d2c1bcb487cc26dd0d5f7d97098a6c","hash":"29459b0dc599c527de30c2469179fd527c9c41f6"}
,"/home/sinh/Documents/internship/luu-van-sinh/jest-test-demo/src/configs/app.js": {"path":"/home/sinh/Documents/internship/luu-van-sinh/jest-test-demo/src/configs/app.js","statementMap":{},"fnMap":{},"branchMap":{},"s":{},"f":{},"b":{},"_coverageSchema":"332fd63041d2c1bcb487cc26dd0d5f7d97098a6c","hash":"92392763bfac7d9eefa56650ec09941cd8d2f4b3"}
,"/home/sinh/Documents/internship/luu-van-sinh/jest-test-demo/src/configs/image.js": {"path":"/home/sinh/Documents/internship/luu-van-sinh/jest-test-demo/src/configs/image.js","statementMap":{},"fnMap":{},"branchMap":{},"s":{},"f":{},"b":{},"_coverageSchema":"332fd63041d2c1bcb487cc26dd0d5f7d97098a6c","hash":"0d81b9df5b62217c640d6e475415baef9a5108b1"}
,"/home/sinh/Documents/internship/luu-van-sinh/jest-test-demo/src/configs/index.js": {"path":"/home/sinh/Documents/internship/luu-van-sinh/jest-test-demo/src/configs/index.js","statementMap":{},"fnMap":{},"branchMap":{},"s":{},"f":{},"b":{},"_coverageSchema":"332fd63041d2c1bcb487cc26dd0d5f7d97098a6c","hash":"06aa187e2e7fab137cc7347c1e4ce406fa52c0c9"}
,"/home/sinh/Documents/internship/luu-van-sinh/jest-test-demo/src/configs/message.js": {"path":"/home/sinh/Documents/internship/luu-van-sinh/jest-test-demo/src/configs/message.js","statementMap":{},"fnMap":{},"branchMap":{},"s":{},"f":{},"b":{},"_coverageSchema":"332fd63041d2c1bcb487cc26dd0d5f7d97098a6c","hash":"688e8563040a145c919133c26a35bc04eb1e8ee3"}
,"/home/sinh/Documents/internship/luu-van-sinh/jest-test-demo/src/screens/home/view.js": {"path":"/home/sinh/Documents/internship/luu-van-sinh/jest-test-demo/src/screens/home/view.js","statementMap":{"0":{"start":{"line":8,"column":15},"end":{"line":8,"column":28}},"1":{"start":{"line":12,"column":25},"end":{"line":12,"column":35}},"2":{"start":{"line":13,"column":4},"end":{"line":15,"column":6}},"3":{"start":{"line":19,"column":25},"end":{"line":19,"column":35}},"4":{"start":{"line":20,"column":4},"end":{"line":22,"column":6}},"5":{"start":{"line":26,"column":4},"end":{"line":26,"column":39}},"6":{"start":{"line":29,"column":30},"end":{"line":29,"column":40}},"7":{"start":{"line":30,"column":28},"end":{"line":30,"column":41}},"8":{"start":{"line":31,"column":4},"end":{"line":33,"column":5}},"9":{"start":{"line":32,"column":6},"end":{"line":32,"column":17}},"10":{"start":{"line":34,"column":4},"end":{"line":49,"column":5}},"11":{"start":{"line":38,"column":72},"end":{"line":38,"column":98}},"12":{"start":{"line":53,"column":38},"end":{"line":53,"column":57}}},"fnMap":{"0":{"name":"(anonymous_0)","decl":{"start":{"line":11,"column":2},"end":{"line":11,"column":3}},"loc":{"start":{"line":11,"column":22},"end":{"line":16,"column":3}},"line":11},"1":{"name":"(anonymous_1)","decl":{"start":{"line":18,"column":11},"end":{"line":18,"column":12}},"loc":{"start":{"line":18,"column":17},"end":{"line":23,"column":3}},"line":18},"2":{"name":"(anonymous_2)","decl":{"start":{"line":25,"column":19},"end":{"line":25,"column":20}},"loc":{"start":{"line":25,"column":28},"end":{"line":27,"column":3}},"line":25},"3":{"name":"(anonymous_3)","decl":{"start":{"line":28,"column":2},"end":{"line":28,"column":3}},"loc":{"start":{"line":28,"column":11},"end":{"line":50,"column":3}},"line":28},"4":{"name":"(anonymous_4)","decl":{"start":{"line":38,"column":61},"end":{"line":38,"column":62}},"loc":{"start":{"line":38,"column":72},"end":{"line":38,"column":98}},"line":38},"5":{"name":"(anonymous_5)","decl":{"start":{"line":53,"column":23},"end":{"line":53,"column":24}},"loc":{"start":{"line":53,"column":38},"end":{"line":53,"column":57}},"line":53}},"branchMap":{"0":{"loc":{"start":{"line":31,"column":4},"end":{"line":33,"column":5}},"type":"if","locations":[{"start":{"line":31,"column":4},"end":{"line":33,"column":5}},{"start":{"line":31,"column":4},"end":{"line":33,"column":5}}],"line":31}},"s":{"0":1,"1":5,"2":5,"3":1,"4":1,"5":2,"6":5,"7":5,"8":5,"9":1,"10":4,"11":2,"12":0},"f":{"0":5,"1":1,"2":2,"3":5,"4":2,"5":0},"b":{"0":[1,4]},"_coverageSchema":"332fd63041d2c1bcb487cc26dd0d5f7d97098a6c","hash":"3109e95d5620181e0dda688a07c98a0d225ab867"}
,"/home/sinh/Documents/internship/luu-van-sinh/jest-test-demo/src/screens/login/validator.js": {"path":"/home/sinh/Documents/internship/luu-van-sinh/jest-test-demo/src/screens/login/validator.js","statementMap":{"0":{"start":{"line":3,"column":17},"end":{"line":11,"column":1}},"1":{"start":{"line":4,"column":2},"end":{"line":10,"column":3}},"2":{"start":{"line":5,"column":4},"end":{"line":5,"column":64}},"3":{"start":{"line":6,"column":9},"end":{"line":10,"column":3}},"4":{"start":{"line":7,"column":4},"end":{"line":7,"column":56}},"5":{"start":{"line":9,"column":4},"end":{"line":9,"column":27}}},"fnMap":{"0":{"name":"(anonymous_0)","decl":{"start":{"line":3,"column":17},"end":{"line":3,"column":18}},"loc":{"start":{"line":3,"column":42},"end":{"line":11,"column":1}},"line":3}},"branchMap":{"0":{"loc":{"start":{"line":4,"column":2},"end":{"line":10,"column":3}},"type":"if","locations":[{"start":{"line":4,"column":2},"end":{"line":10,"column":3}},{"start":{"line":4,"column":2},"end":{"line":10,"column":3}}],"line":4},"1":{"loc":{"start":{"line":4,"column":6},"end":{"line":4,"column":25}},"type":"binary-expr","locations":[{"start":{"line":4,"column":6},"end":{"line":4,"column":12}},{"start":{"line":4,"column":16},"end":{"line":4,"column":25}}],"line":4},"2":{"loc":{"start":{"line":6,"column":9},"end":{"line":10,"column":3}},"type":"if","locations":[{"start":{"line":6,"column":9},"end":{"line":10,"column":3}},{"start":{"line":6,"column":9},"end":{"line":10,"column":3}}],"line":6}},"s":{"0":1,"1":3,"2":1,"3":2,"4":1,"5":1},"f":{"0":3},"b":{"0":[1,2],"1":[3,2],"2":[1,1]},"_coverageSchema":"332fd63041d2c1bcb487cc26dd0d5f7d97098a6c","hash":"38638f4f5ab4a9408751203f1cc1e58a7e6a829e"}
,"/home/sinh/Documents/internship/luu-van-sinh/jest-test-demo/src/screens/register/validator.js": {"path":"/home/sinh/Documents/internship/luu-van-sinh/jest-test-demo/src/screens/register/validator.js","statementMap":{"0":{"start":{"line":3,"column":17},"end":{"line":17,"column":1}},"1":{"start":{"line":4,"column":2},"end":{"line":16,"column":3}},"2":{"start":{"line":5,"column":4},"end":{"line":5,"column":52}},"3":{"start":{"line":6,"column":9},"end":{"line":16,"column":3}},"4":{"start":{"line":7,"column":4},"end":{"line":7,"column":61}},"5":{"start":{"line":8,"column":9},"end":{"line":16,"column":3}},"6":{"start":{"line":9,"column":4},"end":{"line":9,"column":54}},"7":{"start":{"line":10,"column":9},"end":{"line":16,"column":3}},"8":{"start":{"line":11,"column":4},"end":{"line":11,"column":56}},"9":{"start":{"line":12,"column":9},"end":{"line":16,"column":3}},"10":{"start":{"line":13,"column":4},"end":{"line":13,"column":76}},"11":{"start":{"line":15,"column":4},"end":{"line":15,"column":27}}},"fnMap":{"0":{"name":"(anonymous_0)","decl":{"start":{"line":3,"column":17},"end":{"line":3,"column":18}},"loc":{"start":{"line":3,"column":53},"end":{"line":17,"column":1}},"line":3}},"branchMap":{"0":{"loc":{"start":{"line":4,"column":2},"end":{"line":16,"column":3}},"type":"if","locations":[{"start":{"line":4,"column":2},"end":{"line":16,"column":3}},{"start":{"line":4,"column":2},"end":{"line":16,"column":3}}],"line":4},"1":{"loc":{"start":{"line":4,"column":6},"end":{"line":4,"column":42}},"type":"binary-expr","locations":[{"start":{"line":4,"column":6},"end":{"line":4,"column":12}},{"start":{"line":4,"column":16},"end":{"line":4,"column":25}},{"start":{"line":4,"column":29},"end":{"line":4,"column":34}},{"start":{"line":4,"column":38},"end":{"line":4,"column":42}}],"line":4},"2":{"loc":{"start":{"line":6,"column":9},"end":{"line":16,"column":3}},"type":"if","locations":[{"start":{"line":6,"column":9},"end":{"line":16,"column":3}},{"start":{"line":6,"column":9},"end":{"line":16,"column":3}}],"line":6},"3":{"loc":{"start":{"line":6,"column":13},"end":{"line":6,"column":49}},"type":"binary-expr","locations":[{"start":{"line":6,"column":13},"end":{"line":6,"column":28}},{"start":{"line":6,"column":32},"end":{"line":6,"column":49}}],"line":6},"4":{"loc":{"start":{"line":8,"column":9},"end":{"line":16,"column":3}},"type":"if","locations":[{"start":{"line":8,"column":9},"end":{"line":16,"column":3}},{"start":{"line":8,"column":9},"end":{"line":16,"column":3}}],"line":8},"5":{"loc":{"start":{"line":8,"column":13},"end":{"line":8,"column":33}},"type":"binary-expr","locations":[{"start":{"line":8,"column":13},"end":{"line":8,"column":20}},{"start":{"line":8,"column":24},"end":{"line":8,"column":33}}],"line":8},"6":{"loc":{"start":{"line":10,"column":9},"end":{"line":16,"column":3}},"type":"if","locations":[{"start":{"line":10,"column":9},"end":{"line":16,"column":3}},{"start":{"line":10,"column":9},"end":{"line":16,"column":3}}],"line":10},"7":{"loc":{"start":{"line":12,"column":9},"end":{"line":16,"column":3}},"type":"if","locations":[{"start":{"line":12,"column":9},"end":{"line":16,"column":3}},{"start":{"line":12,"column":9},"end":{"line":16,"column":3}}],"line":12}},"s":{"0":1,"1":6,"2":1,"3":5,"4":1,"5":4,"6":1,"7":3,"8":1,"9":2,"10":1,"11":1},"f":{"0":6},"b":{"0":[1,5],"1":[6,6,6,5],"2":[1,4],"3":[5,4],"4":[1,3],"5":[4,3],"6":[1,2],"7":[1,1]},"_coverageSchema":"332fd63041d2c1bcb487cc26dd0d5f7d97098a6c","hash":"c4e6663ae2b820c243e23084a14fa0bf931af206"}
}
