TN:
SF:/home/sinh/Documents/dva-projects/jest-test-demo (copy)/src/i18n.js
FNF:0
FNH:0
DA:4,1
LF:1
LH:1
BRF:0
BRH:0
end_of_record
TN:
SF:/home/sinh/Documents/dva-projects/jest-test-demo (copy)/src/setupTest.js
FN:5,(anonymous_0)
FNF:1
FNH:0
FNDA:0,(anonymous_0)
DA:4,3
DA:5,3
LF:2
LH:2
BRF:0
BRH:0
end_of_record
TN:
SF:/home/sinh/Documents/dva-projects/jest-test-demo (copy)/src/configs/app.js
FNF:0
FNH:0
LF:0
LH:0
BRF:0
BRH:0
end_of_record
TN:
SF:/home/sinh/Documents/dva-projects/jest-test-demo (copy)/src/configs/image.js
FNF:0
FNH:0
LF:0
LH:0
BRF:0
BRH:0
end_of_record
TN:
SF:/home/sinh/Documents/dva-projects/jest-test-demo (copy)/src/configs/index.js
FNF:0
FNH:0
LF:0
LH:0
BRF:0
BRH:0
end_of_record
TN:
SF:/home/sinh/Documents/dva-projects/jest-test-demo (copy)/src/configs/message.js
FNF:0
FNH:0
LF:0
LH:0
BRF:0
BRH:0
end_of_record
TN:
SF:/home/sinh/Documents/dva-projects/jest-test-demo (copy)/src/screens/home/view.js
FN:11,(anonymous_0)
FN:18,(anonymous_1)
FN:25,(anonymous_2)
FN:28,(anonymous_3)
FN:38,(anonymous_4)
FN:53,(anonymous_5)
FNF:6
FNH:3
FNDA:2,(anonymous_0)
FNDA:1,(anonymous_1)
FNDA:2,(anonymous_2)
FNDA:0,(anonymous_3)
FNDA:0,(anonymous_4)
FNDA:0,(anonymous_5)
DA:8,1
DA:12,2
DA:13,2
DA:19,1
DA:20,1
DA:26,2
DA:27,2
DA:28,2
DA:29,0
DA:31,2
DA:32,0
DA:34,2
DA:38,0
DA:53,0
LF:14
LH:10
BRDA:31,0,0,0
BRDA:31,0,1,2
BRF:2
BRH:1
end_of_record
TN:
SF:/home/sinh/Documents/dva-projects/jest-test-demo (copy)/src/screens/login/validator.js
FN:3,(anonymous_0)
FNF:1
FNH:1
FNDA:3,(anonymous_0)
DA:3,1
DA:4,3
DA:5,1
DA:6,2
DA:7,1
DA:9,1
LF:6
LH:6
BRDA:4,0,0,1
BRDA:4,0,1,2
BRDA:4,1,0,3
BRDA:4,1,1,2
BRDA:6,2,0,1
BRDA:6,2,1,1
BRF:6
BRH:6
end_of_record
TN:
SF:/home/sinh/Documents/dva-projects/jest-test-demo (copy)/src/screens/register/validator.js
FN:3,(anonymous_0)
FNF:1
FNH:1
FNDA:6,(anonymous_0)
DA:3,1
DA:4,6
DA:5,1
DA:6,5
DA:7,1
DA:8,4
DA:9,1
DA:10,3
DA:11,1
DA:12,2
DA:13,1
DA:15,1
LF:12
LH:12
BRDA:4,0,0,1
BRDA:4,0,1,5
BRDA:4,1,0,6
BRDA:4,1,1,6
BRDA:4,1,2,6
BRDA:4,1,3,5
BRDA:6,2,0,1
BRDA:6,2,1,4
BRDA:6,3,0,5
BRDA:6,3,1,4
BRDA:8,4,0,1
BRDA:8,4,1,3
BRDA:8,5,0,4
BRDA:8,5,1,3
BRDA:10,6,0,1
BRDA:10,6,1,2
BRDA:12,7,0,1
BRDA:12,7,1,1
BRF:18
BRH:18
end_of_record
