<?xml version="1.0" encoding="UTF-8"?>
<coverage generated="1533524411931" clover="3.2.0">
  <project timestamp="1533524411931" name="All files">
    <metrics statements="51" coveredstatements="38" conditionals="35" coveredconditionals="31" methods="12" coveredmethods="5" elements="98" coveredelements="74" complexity="0" loc="51" ncloc="51" packages="5" files="11" classes="11">
      <package name="src">
        <metrics statements="4" coveredstatements="4" conditionals="0" coveredconditionals="0" methods="0" coveredmethods="0"/>
        <file name="setupTests.js" path="/home/thanhminh/Desktop/internship/thanh-minh/demo-jest/src/setupTests.js">
          <metrics statements="4" coveredstatements="4" conditionals="0" coveredconditionals="0" methods="0" coveredmethods="0"/>
          <line num="4" count="2" type="stmt"/>
          <line num="6" count="2" type="stmt"/>
          <line num="7" count="2" type="stmt"/>
          <line num="8" count="2" type="stmt"/>
        </file>
      </package>
      <package name="src.components">
        <metrics statements="1" coveredstatements="0" conditionals="2" coveredconditionals="0" methods="1" coveredmethods="0"/>
        <file name="index.js" path="/home/thanhminh/Desktop/internship/thanh-minh/demo-jest/src/components/index.js">
          <metrics statements="0" coveredstatements="0" conditionals="0" coveredconditionals="0" methods="0" coveredmethods="0"/>
        </file>
        <file name="notification.js" path="/home/thanhminh/Desktop/internship/thanh-minh/demo-jest/src/components/notification.js">
          <metrics statements="1" coveredstatements="0" conditionals="2" coveredconditionals="0" methods="1" coveredmethods="0"/>
          <line num="5" count="0" type="cond" truecount="0" falsecount="2"/>
        </file>
      </package>
      <package name="src.configs">
        <metrics statements="1" coveredstatements="1" conditionals="0" coveredconditionals="0" methods="0" coveredmethods="0"/>
        <file name="app.js" path="/home/thanhminh/Desktop/internship/thanh-minh/demo-jest/src/configs/app.js">
          <metrics statements="0" coveredstatements="0" conditionals="0" coveredconditionals="0" methods="0" coveredmethods="0"/>
        </file>
        <file name="i18n.js" path="/home/thanhminh/Desktop/internship/thanh-minh/demo-jest/src/configs/i18n.js">
          <metrics statements="1" coveredstatements="1" conditionals="0" coveredconditionals="0" methods="0" coveredmethods="0"/>
          <line num="5" count="2" type="stmt"/>
        </file>
        <file name="image.js" path="/home/thanhminh/Desktop/internship/thanh-minh/demo-jest/src/configs/image.js">
          <metrics statements="0" coveredstatements="0" conditionals="0" coveredconditionals="0" methods="0" coveredmethods="0"/>
        </file>
        <file name="index.js" path="/home/thanhminh/Desktop/internship/thanh-minh/demo-jest/src/configs/index.js">
          <metrics statements="0" coveredstatements="0" conditionals="0" coveredconditionals="0" methods="0" coveredmethods="0"/>
        </file>
        <file name="message.js" path="/home/thanhminh/Desktop/internship/thanh-minh/demo-jest/src/configs/message.js">
          <metrics statements="0" coveredstatements="0" conditionals="0" coveredconditionals="0" methods="0" coveredmethods="0"/>
        </file>
      </package>
      <package name="src.screens.login">
        <metrics statements="29" coveredstatements="17" conditionals="10" coveredconditionals="8" methods="10" coveredmethods="4"/>
        <file name="validator.js" path="/home/thanhminh/Desktop/internship/thanh-minh/demo-jest/src/screens/login/validator.js">
          <metrics statements="8" coveredstatements="8" conditionals="8" coveredconditionals="8" methods="1" coveredmethods="1"/>
          <line num="3" count="2" type="stmt"/>
          <line num="4" count="6" type="cond" truecount="4" falsecount="0"/>
          <line num="5" count="3" type="stmt"/>
          <line num="6" count="3" type="cond" truecount="2" falsecount="0"/>
          <line num="7" count="1" type="stmt"/>
          <line num="8" count="2" type="cond" truecount="2" falsecount="0"/>
          <line num="9" count="1" type="stmt"/>
          <line num="11" count="1" type="stmt"/>
        </file>
        <file name="view.js" path="/home/thanhminh/Desktop/internship/thanh-minh/demo-jest/src/screens/login/view.js">
          <metrics statements="21" coveredstatements="9" conditionals="2" coveredconditionals="0" methods="9" coveredmethods="3"/>
          <line num="11" count="1" type="stmt"/>
          <line num="14" count="3" type="stmt"/>
          <line num="15" count="3" type="stmt"/>
          <line num="23" count="2" type="stmt"/>
          <line num="24" count="2" type="stmt"/>
          <line num="25" count="2" type="stmt"/>
          <line num="29" count="0" type="stmt"/>
          <line num="30" count="0" type="stmt"/>
          <line num="31" count="0" type="stmt"/>
          <line num="32" count="0" type="cond" truecount="0" falsecount="2"/>
          <line num="33" count="0" type="stmt"/>
          <line num="34" count="0" type="stmt"/>
          <line num="39" count="0" type="stmt"/>
          <line num="44" count="5" type="stmt"/>
          <line num="45" count="5" type="stmt"/>
          <line num="46" count="0" type="stmt"/>
          <line num="48" count="5" type="stmt"/>
          <line num="95" count="0" type="stmt"/>
          <line num="100" count="0" type="stmt"/>
          <line num="112" count="0" type="stmt"/>
          <line num="115" count="0" type="stmt"/>
        </file>
      </package>
      <package name="src.screens.register">
        <metrics statements="16" coveredstatements="16" conditionals="23" coveredconditionals="23" methods="1" coveredmethods="1"/>
        <file name="validator.js" path="/home/thanhminh/Desktop/internship/thanh-minh/demo-jest/src/screens/register/validator.js">
          <metrics statements="16" coveredstatements="16" conditionals="23" coveredconditionals="23" methods="1" coveredmethods="1"/>
          <line num="3" count="1" type="stmt"/>
          <line num="4" count="9" type="cond" truecount="7" falsecount="0"/>
          <line num="5" count="1" type="stmt"/>
          <line num="6" count="8" type="cond" truecount="2" falsecount="0"/>
          <line num="7" count="1" type="stmt"/>
          <line num="8" count="7" type="cond" truecount="4" falsecount="0"/>
          <line num="9" count="1" type="stmt"/>
          <line num="10" count="6" type="cond" truecount="2" falsecount="0"/>
          <line num="11" count="1" type="stmt"/>
          <line num="12" count="5" type="cond" truecount="2" falsecount="0"/>
          <line num="13" count="1" type="stmt"/>
          <line num="14" count="4" type="cond" truecount="2" falsecount="0"/>
          <line num="15" count="1" type="stmt"/>
          <line num="16" count="3" type="cond" truecount="4" falsecount="0"/>
          <line num="17" count="2" type="stmt"/>
          <line num="19" count="1" type="stmt"/>
        </file>
      </package>
    </metrics>
  </project>
</coverage>
