{"/home/thanhminh/Desktop/internship/thanh-minh/demo-jest/src/setupTests.js": {"path":"/home/thanhminh/Desktop/internship/thanh-minh/demo-jest/src/setupTests.js","statementMap":{"0":{"start":{"line":4,"column":0},"end":{"line":4,"column":45}},"1":{"start":{"line":6,"column":0},"end":{"line":6,"column":24}},"2":{"start":{"line":7,"column":0},"end":{"line":7,"column":22}},"3":{"start":{"line":8,"column":0},"end":{"line":8,"column":20}}},"fnMap":{},"branchMap":{},"s":{"0":2,"1":2,"2":2,"3":2},"f":{},"b":{},"_coverageSchema":"332fd63041d2c1bcb487cc26dd0d5f7d97098a6c","hash":"df67e3622da9f0ac86cdab35103e19670d1f3148"}
,"/home/thanhminh/Desktop/internship/thanh-minh/demo-jest/src/components/index.js": {"path":"/home/thanhminh/Desktop/internship/thanh-minh/demo-jest/src/components/index.js","statementMap":{},"fnMap":{},"branchMap":{},"s":{},"f":{},"b":{},"_coverageSchema":"332fd63041d2c1bcb487cc26dd0d5f7d97098a6c","hash":"5de476fe1e4840d79419b96e17a3120fbc3618c3"}
,"/home/thanhminh/Desktop/internship/thanh-minh/demo-jest/src/components/notification.js": {"path":"/home/thanhminh/Desktop/internship/thanh-minh/demo-jest/src/components/notification.js","statementMap":{"0":{"start":{"line":5,"column":2},"end":{"line":5,"column":54}}},"fnMap":{"0":{"name":"(anonymous_0)","decl":{"start":{"line":4,"column":15},"end":{"line":4,"column":16}},"loc":{"start":{"line":4,"column":37},"end":{"line":6,"column":1}},"line":4}},"branchMap":{"0":{"loc":{"start":{"line":5,"column":10},"end":{"line":5,"column":47}},"type":"binary-expr","locations":[{"start":{"line":5,"column":10},"end":{"line":5,"column":14}},{"start":{"line":5,"column":18},"end":{"line":5,"column":47}}],"line":5}},"s":{"0":0},"f":{"0":0},"b":{"0":[0,0]},"_coverageSchema":"332fd63041d2c1bcb487cc26dd0d5f7d97098a6c","hash":"6e19f4e113b9cbcf66008864909d69cd9130e8a9"}
,"/home/thanhminh/Desktop/internship/thanh-minh/demo-jest/src/configs/app.js": {"path":"/home/thanhminh/Desktop/internship/thanh-minh/demo-jest/src/configs/app.js","statementMap":{},"fnMap":{},"branchMap":{},"s":{},"f":{},"b":{},"_coverageSchema":"332fd63041d2c1bcb487cc26dd0d5f7d97098a6c","hash":"2643b162c85e5154af68cf237c0f84e3620f7344"}
,"/home/thanhminh/Desktop/internship/thanh-minh/demo-jest/src/configs/i18n.js": {"path":"/home/thanhminh/Desktop/internship/thanh-minh/demo-jest/src/configs/i18n.js","statementMap":{"0":{"start":{"line":5,"column":0},"end":{"line":94,"column":3}}},"fnMap":{},"branchMap":{},"s":{"0":2},"f":{},"b":{},"_coverageSchema":"332fd63041d2c1bcb487cc26dd0d5f7d97098a6c","hash":"af16f142040ca63eead73a54fe9070afe8884002"}
,"/home/thanhminh/Desktop/internship/thanh-minh/demo-jest/src/configs/image.js": {"path":"/home/thanhminh/Desktop/internship/thanh-minh/demo-jest/src/configs/image.js","statementMap":{},"fnMap":{},"branchMap":{},"s":{},"f":{},"b":{},"_coverageSchema":"332fd63041d2c1bcb487cc26dd0d5f7d97098a6c","hash":"7a31585483d951f342d3411bbb9ef3073633b41a"}
,"/home/thanhminh/Desktop/internship/thanh-minh/demo-jest/src/configs/index.js": {"path":"/home/thanhminh/Desktop/internship/thanh-minh/demo-jest/src/configs/index.js","statementMap":{},"fnMap":{},"branchMap":{},"s":{},"f":{},"b":{},"_coverageSchema":"332fd63041d2c1bcb487cc26dd0d5f7d97098a6c","hash":"ddf3afd8aec9517333d05ffac9db6291cc4450b0"}
,"/home/thanhminh/Desktop/internship/thanh-minh/demo-jest/src/configs/message.js": {"path":"/home/thanhminh/Desktop/internship/thanh-minh/demo-jest/src/configs/message.js","statementMap":{},"fnMap":{},"branchMap":{},"s":{},"f":{},"b":{},"_coverageSchema":"332fd63041d2c1bcb487cc26dd0d5f7d97098a6c","hash":"3eac19894fefc58a1dddfca5dcad7c7cb46ef7fe"}
,"/home/thanhminh/Desktop/internship/thanh-minh/demo-jest/src/screens/login/validator.js": {"path":"/home/thanhminh/Desktop/internship/thanh-minh/demo-jest/src/screens/login/validator.js","statementMap":{"0":{"start":{"line":3,"column":23},"end":{"line":13,"column":1}},"1":{"start":{"line":4,"column":2},"end":{"line":12,"column":3}},"2":{"start":{"line":5,"column":4},"end":{"line":5,"column":64}},"3":{"start":{"line":6,"column":9},"end":{"line":12,"column":3}},"4":{"start":{"line":7,"column":4},"end":{"line":7,"column":56}},"5":{"start":{"line":8,"column":9},"end":{"line":12,"column":3}},"6":{"start":{"line":9,"column":4},"end":{"line":9,"column":77}},"7":{"start":{"line":11,"column":4},"end":{"line":11,"column":40}}},"fnMap":{"0":{"name":"(anonymous_0)","decl":{"start":{"line":3,"column":23},"end":{"line":3,"column":24}},"loc":{"start":{"line":3,"column":44},"end":{"line":13,"column":1}},"line":3}},"branchMap":{"0":{"loc":{"start":{"line":4,"column":2},"end":{"line":12,"column":3}},"type":"if","locations":[{"start":{"line":4,"column":2},"end":{"line":12,"column":3}},{"start":{"line":4,"column":2},"end":{"line":12,"column":3}}],"line":4},"1":{"loc":{"start":{"line":4,"column":6},"end":{"line":4,"column":25}},"type":"binary-expr","locations":[{"start":{"line":4,"column":6},"end":{"line":4,"column":12}},{"start":{"line":4,"column":16},"end":{"line":4,"column":25}}],"line":4},"2":{"loc":{"start":{"line":6,"column":9},"end":{"line":12,"column":3}},"type":"if","locations":[{"start":{"line":6,"column":9},"end":{"line":12,"column":3}},{"start":{"line":6,"column":9},"end":{"line":12,"column":3}}],"line":6},"3":{"loc":{"start":{"line":8,"column":9},"end":{"line":12,"column":3}},"type":"if","locations":[{"start":{"line":8,"column":9},"end":{"line":12,"column":3}},{"start":{"line":8,"column":9},"end":{"line":12,"column":3}}],"line":8}},"s":{"0":2,"1":6,"2":3,"3":3,"4":1,"5":2,"6":1,"7":1},"f":{"0":6},"b":{"0":[3,3],"1":[6,4],"2":[1,2],"3":[1,1]},"_coverageSchema":"332fd63041d2c1bcb487cc26dd0d5f7d97098a6c","hash":"17448a2d397dcd2c6376d80d551c8b095d844a21"}
,"/home/thanhminh/Desktop/internship/thanh-minh/demo-jest/src/screens/login/view.js": {"path":"/home/thanhminh/Desktop/internship/thanh-minh/demo-jest/src/screens/login/view.js","statementMap":{"0":{"start":{"line":11,"column":17},"end":{"line":11,"column":26}},"1":{"start":{"line":14,"column":4},"end":{"line":14,"column":16}},"2":{"start":{"line":15,"column":4},"end":{"line":18,"column":5}},"3":{"start":{"line":23,"column":21},"end":{"line":23,"column":23}},"4":{"start":{"line":24,"column":4},"end":{"line":24,"column":52}},"5":{"start":{"line":25,"column":4},"end":{"line":25,"column":27}},"6":{"start":{"line":29,"column":28},"end":{"line":29,"column":38}},"7":{"start":{"line":30,"column":32},"end":{"line":30,"column":42}},"8":{"start":{"line":31,"column":22},"end":{"line":31,"column":53}},"9":{"start":{"line":32,"column":4},"end":{"line":40,"column":5}},"10":{"start":{"line":33,"column":19},"end":{"line":33,"column":38}},"11":{"start":{"line":34,"column":6},"end":{"line":37,"column":8}},"12":{"start":{"line":39,"column":6},"end":{"line":39,"column":71}},"13":{"start":{"line":44,"column":24},"end":{"line":44,"column":34}},"14":{"start":{"line":45,"column":27},"end":{"line":47,"column":5}},"15":{"start":{"line":46,"column":6},"end":{"line":46,"column":30}},"16":{"start":{"line":48,"column":4},"end":{"line":122,"column":5}},"17":{"start":{"line":95,"column":36},"end":{"line":95,"column":53}},"18":{"start":{"line":100,"column":22},"end":{"line":100,"column":57}},"19":{"start":{"line":112,"column":37},"end":{"line":112,"column":57}},"20":{"start":{"line":115,"column":37},"end":{"line":115,"column":57}}},"fnMap":{"0":{"name":"(anonymous_0)","decl":{"start":{"line":13,"column":2},"end":{"line":13,"column":3}},"loc":{"start":{"line":13,"column":21},"end":{"line":19,"column":3}},"line":13},"1":{"name":"(anonymous_1)","decl":{"start":{"line":21,"column":17},"end":{"line":21,"column":18}},"loc":{"start":{"line":21,"column":28},"end":{"line":26,"column":3}},"line":21},"2":{"name":"(anonymous_2)","decl":{"start":{"line":28,"column":16},"end":{"line":28,"column":17}},"loc":{"start":{"line":28,"column":22},"end":{"line":41,"column":3}},"line":28},"3":{"name":"(anonymous_3)","decl":{"start":{"line":43,"column":2},"end":{"line":43,"column":3}},"loc":{"start":{"line":43,"column":11},"end":{"line":123,"column":3}},"line":43},"4":{"name":"(anonymous_4)","decl":{"start":{"line":45,"column":27},"end":{"line":45,"column":28}},"loc":{"start":{"line":45,"column":36},"end":{"line":47,"column":5}},"line":45},"5":{"name":"(anonymous_5)","decl":{"start":{"line":95,"column":28},"end":{"line":95,"column":29}},"loc":{"start":{"line":95,"column":36},"end":{"line":95,"column":53}},"line":95},"6":{"name":"(anonymous_6)","decl":{"start":{"line":100,"column":17},"end":{"line":100,"column":18}},"loc":{"start":{"line":100,"column":22},"end":{"line":100,"column":57}},"line":100},"7":{"name":"(anonymous_7)","decl":{"start":{"line":112,"column":31},"end":{"line":112,"column":32}},"loc":{"start":{"line":112,"column":37},"end":{"line":112,"column":57}},"line":112},"8":{"name":"(anonymous_8)","decl":{"start":{"line":115,"column":31},"end":{"line":115,"column":32}},"loc":{"start":{"line":115,"column":37},"end":{"line":115,"column":57}},"line":115}},"branchMap":{"0":{"loc":{"start":{"line":32,"column":4},"end":{"line":40,"column":5}},"type":"if","locations":[{"start":{"line":32,"column":4},"end":{"line":40,"column":5}},{"start":{"line":32,"column":4},"end":{"line":40,"column":5}}],"line":32}},"s":{"0":1,"1":3,"2":3,"3":2,"4":2,"5":2,"6":0,"7":0,"8":0,"9":0,"10":0,"11":0,"12":0,"13":5,"14":5,"15":0,"16":5,"17":0,"18":0,"19":0,"20":0},"f":{"0":3,"1":2,"2":0,"3":5,"4":0,"5":0,"6":0,"7":0,"8":0},"b":{"0":[0,0]},"_coverageSchema":"332fd63041d2c1bcb487cc26dd0d5f7d97098a6c","hash":"36d233abc3f4c5d1c4c4e72ea5c872de575ce10e"}
,"/home/thanhminh/Desktop/internship/thanh-minh/demo-jest/src/screens/register/validator.js": {"path":"/home/thanhminh/Desktop/internship/thanh-minh/demo-jest/src/screens/register/validator.js","statementMap":{"0":{"start":{"line":3,"column":26},"end":{"line":21,"column":1}},"1":{"start":{"line":4,"column":2},"end":{"line":20,"column":3}},"2":{"start":{"line":5,"column":4},"end":{"line":5,"column":56}},"3":{"start":{"line":6,"column":9},"end":{"line":20,"column":3}},"4":{"start":{"line":7,"column":4},"end":{"line":7,"column":56}},"5":{"start":{"line":8,"column":9},"end":{"line":20,"column":3}},"6":{"start":{"line":9,"column":4},"end":{"line":9,"column":82}},"7":{"start":{"line":10,"column":9},"end":{"line":20,"column":3}},"8":{"start":{"line":11,"column":4},"end":{"line":11,"column":77}},"9":{"start":{"line":12,"column":9},"end":{"line":20,"column":3}},"10":{"start":{"line":13,"column":4},"end":{"line":13,"column":63}},"11":{"start":{"line":14,"column":9},"end":{"line":20,"column":3}},"12":{"start":{"line":15,"column":4},"end":{"line":15,"column":57}},"13":{"start":{"line":16,"column":9},"end":{"line":20,"column":3}},"14":{"start":{"line":17,"column":4},"end":{"line":17,"column":50}},"15":{"start":{"line":19,"column":4},"end":{"line":19,"column":40}}},"fnMap":{"0":{"name":"(anonymous_0)","decl":{"start":{"line":3,"column":26},"end":{"line":3,"column":27}},"loc":{"start":{"line":3,"column":70},"end":{"line":21,"column":1}},"line":3}},"branchMap":{"0":{"loc":{"start":{"line":4,"column":2},"end":{"line":20,"column":3}},"type":"if","locations":[{"start":{"line":4,"column":2},"end":{"line":20,"column":3}},{"start":{"line":4,"column":2},"end":{"line":20,"column":3}}],"line":4},"1":{"loc":{"start":{"line":4,"column":6},"end":{"line":4,"column":57}},"type":"binary-expr","locations":[{"start":{"line":4,"column":6},"end":{"line":4,"column":11}},{"start":{"line":4,"column":15},"end":{"line":4,"column":21}},{"start":{"line":4,"column":25},"end":{"line":4,"column":34}},{"start":{"line":4,"column":38},"end":{"line":4,"column":49}},{"start":{"line":4,"column":53},"end":{"line":4,"column":57}}],"line":4},"2":{"loc":{"start":{"line":6,"column":9},"end":{"line":20,"column":3}},"type":"if","locations":[{"start":{"line":6,"column":9},"end":{"line":20,"column":3}},{"start":{"line":6,"column":9},"end":{"line":20,"column":3}}],"line":6},"3":{"loc":{"start":{"line":8,"column":9},"end":{"line":20,"column":3}},"type":"if","locations":[{"start":{"line":8,"column":9},"end":{"line":20,"column":3}},{"start":{"line":8,"column":9},"end":{"line":20,"column":3}}],"line":8},"4":{"loc":{"start":{"line":8,"column":13},"end":{"line":8,"column":49}},"type":"binary-expr","locations":[{"start":{"line":8,"column":13},"end":{"line":8,"column":28}},{"start":{"line":8,"column":32},"end":{"line":8,"column":49}}],"line":8},"5":{"loc":{"start":{"line":10,"column":9},"end":{"line":20,"column":3}},"type":"if","locations":[{"start":{"line":10,"column":9},"end":{"line":20,"column":3}},{"start":{"line":10,"column":9},"end":{"line":20,"column":3}}],"line":10},"6":{"loc":{"start":{"line":12,"column":9},"end":{"line":20,"column":3}},"type":"if","locations":[{"start":{"line":12,"column":9},"end":{"line":20,"column":3}},{"start":{"line":12,"column":9},"end":{"line":20,"column":3}}],"line":12},"7":{"loc":{"start":{"line":14,"column":9},"end":{"line":20,"column":3}},"type":"if","locations":[{"start":{"line":14,"column":9},"end":{"line":20,"column":3}},{"start":{"line":14,"column":9},"end":{"line":20,"column":3}}],"line":14},"8":{"loc":{"start":{"line":16,"column":9},"end":{"line":20,"column":3}},"type":"if","locations":[{"start":{"line":16,"column":9},"end":{"line":20,"column":3}},{"start":{"line":16,"column":9},"end":{"line":20,"column":3}}],"line":16},"9":{"loc":{"start":{"line":16,"column":13},"end":{"line":16,"column":33}},"type":"binary-expr","locations":[{"start":{"line":16,"column":13},"end":{"line":16,"column":20}},{"start":{"line":16,"column":24},"end":{"line":16,"column":33}}],"line":16}},"s":{"0":1,"1":9,"2":1,"3":8,"4":1,"5":7,"6":1,"7":6,"8":1,"9":5,"10":1,"11":4,"12":1,"13":3,"14":2,"15":1},"f":{"0":9},"b":{"0":[1,8],"1":[9,8,8,8,8],"2":[1,7],"3":[1,6],"4":[7,6],"5":[1,5],"6":[1,4],"7":[1,3],"8":[2,1],"9":[3,2]},"_coverageSchema":"332fd63041d2c1bcb487cc26dd0d5f7d97098a6c","hash":"0ada5ec81023b1811993eba204507d4f376ac3d1"}
}
