TN:
SF:/home/thanhminh/Desktop/internship/thanh-minh/demo-jest/src/setupTests.js
FNF:0
FNH:0
DA:4,2
DA:6,2
DA:7,2
DA:8,2
LF:4
LH:4
BRF:0
BRH:0
end_of_record
TN:
SF:/home/thanhminh/Desktop/internship/thanh-minh/demo-jest/src/components/index.js
FNF:0
FNH:0
LF:0
LH:0
BRF:0
BRH:0
end_of_record
TN:
SF:/home/thanhminh/Desktop/internship/thanh-minh/demo-jest/src/components/notification.js
FN:4,(anonymous_0)
FNF:1
FNH:0
FNDA:0,(anonymous_0)
DA:5,0
LF:1
LH:0
BRDA:5,0,0,0
BRDA:5,0,1,0
BRF:2
BRH:0
end_of_record
TN:
SF:/home/thanhminh/Desktop/internship/thanh-minh/demo-jest/src/configs/app.js
FNF:0
FNH:0
LF:0
LH:0
BRF:0
BRH:0
end_of_record
TN:
SF:/home/thanhminh/Desktop/internship/thanh-minh/demo-jest/src/configs/i18n.js
FNF:0
FNH:0
DA:5,2
LF:1
LH:1
BRF:0
BRH:0
end_of_record
TN:
SF:/home/thanhminh/Desktop/internship/thanh-minh/demo-jest/src/configs/image.js
FNF:0
FNH:0
LF:0
LH:0
BRF:0
BRH:0
end_of_record
TN:
SF:/home/thanhminh/Desktop/internship/thanh-minh/demo-jest/src/configs/index.js
FNF:0
FNH:0
LF:0
LH:0
BRF:0
BRH:0
end_of_record
TN:
SF:/home/thanhminh/Desktop/internship/thanh-minh/demo-jest/src/configs/message.js
FNF:0
FNH:0
LF:0
LH:0
BRF:0
BRH:0
end_of_record
TN:
SF:/home/thanhminh/Desktop/internship/thanh-minh/demo-jest/src/screens/login/validator.js
FN:3,(anonymous_0)
FNF:1
FNH:1
FNDA:6,(anonymous_0)
DA:3,2
DA:4,6
DA:5,3
DA:6,3
DA:7,1
DA:8,2
DA:9,1
DA:11,1
LF:8
LH:8
BRDA:4,0,0,3
BRDA:4,0,1,3
BRDA:4,1,0,6
BRDA:4,1,1,4
BRDA:6,2,0,1
BRDA:6,2,1,2
BRDA:8,3,0,1
BRDA:8,3,1,1
BRF:8
BRH:8
end_of_record
TN:
SF:/home/thanhminh/Desktop/internship/thanh-minh/demo-jest/src/screens/login/view.js
FN:13,(anonymous_0)
FN:21,(anonymous_1)
FN:28,(anonymous_2)
FN:43,(anonymous_3)
FN:45,(anonymous_4)
FN:95,(anonymous_5)
FN:100,(anonymous_6)
FN:112,(anonymous_7)
FN:115,(anonymous_8)
FNF:9
FNH:3
FNDA:3,(anonymous_0)
FNDA:2,(anonymous_1)
FNDA:0,(anonymous_2)
FNDA:5,(anonymous_3)
FNDA:0,(anonymous_4)
FNDA:0,(anonymous_5)
FNDA:0,(anonymous_6)
FNDA:0,(anonymous_7)
FNDA:0,(anonymous_8)
DA:11,1
DA:14,3
DA:15,3
DA:23,2
DA:24,2
DA:25,2
DA:29,0
DA:30,0
DA:31,0
DA:32,0
DA:33,0
DA:34,0
DA:39,0
DA:44,5
DA:45,5
DA:46,0
DA:48,5
DA:95,0
DA:100,0
DA:112,0
DA:115,0
LF:21
LH:9
BRDA:32,0,0,0
BRDA:32,0,1,0
BRF:2
BRH:0
end_of_record
TN:
SF:/home/thanhminh/Desktop/internship/thanh-minh/demo-jest/src/screens/register/validator.js
FN:3,(anonymous_0)
FNF:1
FNH:1
FNDA:9,(anonymous_0)
DA:3,1
DA:4,9
DA:5,1
DA:6,8
DA:7,1
DA:8,7
DA:9,1
DA:10,6
DA:11,1
DA:12,5
DA:13,1
DA:14,4
DA:15,1
DA:16,3
DA:17,2
DA:19,1
LF:16
LH:16
BRDA:4,0,0,1
BRDA:4,0,1,8
BRDA:4,1,0,9
BRDA:4,1,1,8
BRDA:4,1,2,8
BRDA:4,1,3,8
BRDA:4,1,4,8
BRDA:6,2,0,1
BRDA:6,2,1,7
BRDA:8,3,0,1
BRDA:8,3,1,6
BRDA:8,4,0,7
BRDA:8,4,1,6
BRDA:10,5,0,1
BRDA:10,5,1,5
BRDA:12,6,0,1
BRDA:12,6,1,4
BRDA:14,7,0,1
BRDA:14,7,1,3
BRDA:16,8,0,2
BRDA:16,8,1,1
BRDA:16,9,0,3
BRDA:16,9,1,2
BRF:23
BRH:23
end_of_record
