<?xml version="1.0" encoding="UTF-8"?>
<coverage generated="1533715225222" clover="3.2.0">
  <project timestamp="1533715225223" name="All files">
    <metrics statements="81" coveredstatements="75" conditionals="37" coveredconditionals="36" methods="19" coveredmethods="13" elements="137" coveredelements="124" complexity="0" loc="81" ncloc="81" packages="6" files="18" classes="18">
      <package name="src">
        <metrics statements="4" coveredstatements="4" conditionals="0" coveredconditionals="0" methods="0" coveredmethods="0"/>
        <file name="setupTests.js" path="/home/thanhminh/Desktop/demo-jest/src/setupTests.js">
          <metrics statements="4" coveredstatements="4" conditionals="0" coveredconditionals="0" methods="0" coveredmethods="0"/>
          <line num="4" count="5" type="stmt"/>
          <line num="6" count="5" type="stmt"/>
          <line num="7" count="5" type="stmt"/>
          <line num="8" count="5" type="stmt"/>
        </file>
      </package>
      <package name="src.components">
        <metrics statements="8" coveredstatements="4" conditionals="2" coveredconditionals="1" methods="7" coveredmethods="3"/>
        <file name="account-kit.js" path="/home/thanhminh/Desktop/demo-jest/src/components/account-kit.js">
          <metrics statements="4" coveredstatements="0" conditionals="0" coveredconditionals="0" methods="3" coveredmethods="0"/>
          <line num="11" count="0" type="stmt"/>
          <line num="12" count="0" type="stmt"/>
          <line num="17" count="0" type="stmt"/>
          <line num="22" count="0" type="stmt"/>
        </file>
        <file name="index.js" path="/home/thanhminh/Desktop/demo-jest/src/components/index.js">
          <metrics statements="0" coveredstatements="0" conditionals="0" coveredconditionals="0" methods="0" coveredmethods="0"/>
        </file>
        <file name="language.js" path="/home/thanhminh/Desktop/demo-jest/src/components/language.js">
          <metrics statements="3" coveredstatements="3" conditionals="0" coveredconditionals="0" methods="3" coveredmethods="2"/>
          <line num="10" count="3" type="stmt"/>
          <line num="11" count="3" type="stmt"/>
          <line num="16" count="6" type="stmt"/>
        </file>
        <file name="notification.js" path="/home/thanhminh/Desktop/demo-jest/src/components/notification.js">
          <metrics statements="1" coveredstatements="1" conditionals="2" coveredconditionals="1" methods="1" coveredmethods="1"/>
          <line num="5" count="2" type="cond" truecount="1" falsecount="1"/>
        </file>
      </package>
      <package name="src.configs">
        <metrics statements="1" coveredstatements="1" conditionals="0" coveredconditionals="0" methods="0" coveredmethods="0"/>
        <file name="app.js" path="/home/thanhminh/Desktop/demo-jest/src/configs/app.js">
          <metrics statements="0" coveredstatements="0" conditionals="0" coveredconditionals="0" methods="0" coveredmethods="0"/>
        </file>
        <file name="appId.js" path="/home/thanhminh/Desktop/demo-jest/src/configs/appId.js">
          <metrics statements="0" coveredstatements="0" conditionals="0" coveredconditionals="0" methods="0" coveredmethods="0"/>
        </file>
        <file name="i18n.js" path="/home/thanhminh/Desktop/demo-jest/src/configs/i18n.js">
          <metrics statements="1" coveredstatements="1" conditionals="0" coveredconditionals="0" methods="0" coveredmethods="0"/>
          <line num="6" count="5" type="stmt"/>
        </file>
        <file name="image.js" path="/home/thanhminh/Desktop/demo-jest/src/configs/image.js">
          <metrics statements="0" coveredstatements="0" conditionals="0" coveredconditionals="0" methods="0" coveredmethods="0"/>
        </file>
        <file name="index.js" path="/home/thanhminh/Desktop/demo-jest/src/configs/index.js">
          <metrics statements="0" coveredstatements="0" conditionals="0" coveredconditionals="0" methods="0" coveredmethods="0"/>
        </file>
      </package>
      <package name="src.configs.locale">
        <metrics statements="0" coveredstatements="0" conditionals="0" coveredconditionals="0" methods="0" coveredmethods="0"/>
        <file name="en.js" path="/home/thanhminh/Desktop/demo-jest/src/configs/locale/en.js">
          <metrics statements="0" coveredstatements="0" conditionals="0" coveredconditionals="0" methods="0" coveredmethods="0"/>
        </file>
        <file name="index.js" path="/home/thanhminh/Desktop/demo-jest/src/configs/locale/index.js">
          <metrics statements="0" coveredstatements="0" conditionals="0" coveredconditionals="0" methods="0" coveredmethods="0"/>
        </file>
        <file name="key.js" path="/home/thanhminh/Desktop/demo-jest/src/configs/locale/key.js">
          <metrics statements="0" coveredstatements="0" conditionals="0" coveredconditionals="0" methods="0" coveredmethods="0"/>
        </file>
        <file name="vn.js" path="/home/thanhminh/Desktop/demo-jest/src/configs/locale/vn.js">
          <metrics statements="0" coveredstatements="0" conditionals="0" coveredconditionals="0" methods="0" coveredmethods="0"/>
        </file>
      </package>
      <package name="src.screens.login">
        <metrics statements="28" coveredstatements="27" conditionals="10" coveredconditionals="10" methods="6" coveredmethods="5"/>
        <file name="validator.js" path="/home/thanhminh/Desktop/demo-jest/src/screens/login/validator.js">
          <metrics statements="11" coveredstatements="11" conditionals="8" coveredconditionals="8" methods="1" coveredmethods="1"/>
          <line num="4" count="2" type="stmt"/>
          <line num="5" count="2" type="stmt"/>
          <line num="15" count="2" type="stmt"/>
          <line num="16" count="10" type="cond" truecount="4" falsecount="0"/>
          <line num="17" count="3" type="stmt"/>
          <line num="18" count="7" type="cond" truecount="2" falsecount="0"/>
          <line num="19" count="3" type="stmt"/>
          <line num="20" count="4" type="cond" truecount="2" falsecount="0"/>
          <line num="21" count="1" type="stmt"/>
          <line num="23" count="3" type="stmt"/>
          <line num="25" count="10" type="stmt"/>
        </file>
        <file name="view.js" path="/home/thanhminh/Desktop/demo-jest/src/screens/login/view.js">
          <metrics statements="17" coveredstatements="16" conditionals="2" coveredconditionals="2" methods="5" coveredmethods="4"/>
          <line num="11" count="1" type="stmt"/>
          <line num="14" count="4" type="stmt"/>
          <line num="15" count="4" type="stmt"/>
          <line num="29" count="6" type="stmt"/>
          <line num="30" count="6" type="stmt"/>
          <line num="31" count="6" type="stmt"/>
          <line num="40" count="2" type="stmt"/>
          <line num="41" count="2" type="stmt"/>
          <line num="42" count="2" type="stmt"/>
          <line num="43" count="2" type="cond" truecount="2" falsecount="0"/>
          <line num="44" count="1" type="stmt"/>
          <line num="45" count="1" type="stmt"/>
          <line num="50" count="1" type="stmt"/>
          <line num="58" count="10" type="stmt"/>
          <line num="59" count="10" type="stmt"/>
          <line num="60" count="0" type="stmt"/>
          <line num="62" count="10" type="stmt"/>
        </file>
      </package>
      <package name="src.screens.register">
        <metrics statements="40" coveredstatements="39" conditionals="25" coveredconditionals="25" methods="6" coveredmethods="5"/>
        <file name="validator.js" path="/home/thanhminh/Desktop/demo-jest/src/screens/register/validator.js">
          <metrics statements="23" coveredstatements="23" conditionals="23" coveredconditionals="23" methods="1" coveredmethods="1"/>
          <line num="4" count="2" type="stmt"/>
          <line num="5" count="2" type="stmt"/>
          <line num="6" count="2" type="stmt"/>
          <line num="7" count="2" type="stmt"/>
          <line num="8" count="2" type="stmt"/>
          <line num="10" count="2" type="stmt"/>
          <line num="24" count="2" type="stmt"/>
          <line num="25" count="13" type="cond" truecount="7" falsecount="0"/>
          <line num="26" count="1" type="stmt"/>
          <line num="27" count="12" type="cond" truecount="2" falsecount="0"/>
          <line num="28" count="3" type="stmt"/>
          <line num="29" count="9" type="cond" truecount="4" falsecount="0"/>
          <line num="30" count="1" type="stmt"/>
          <line num="31" count="8" type="cond" truecount="2" falsecount="0"/>
          <line num="32" count="1" type="stmt"/>
          <line num="33" count="7" type="cond" truecount="2" falsecount="0"/>
          <line num="34" count="1" type="stmt"/>
          <line num="35" count="6" type="cond" truecount="2" falsecount="0"/>
          <line num="36" count="1" type="stmt"/>
          <line num="37" count="5" type="cond" truecount="4" falsecount="0"/>
          <line num="38" count="2" type="stmt"/>
          <line num="40" count="3" type="stmt"/>
          <line num="42" count="13" type="stmt"/>
        </file>
        <file name="view.js" path="/home/thanhminh/Desktop/demo-jest/src/screens/register/view.js">
          <metrics statements="17" coveredstatements="16" conditionals="2" coveredconditionals="2" methods="5" coveredmethods="4"/>
          <line num="12" count="1" type="stmt"/>
          <line num="15" count="4" type="stmt"/>
          <line num="16" count="4" type="stmt"/>
          <line num="32" count="15" type="stmt"/>
          <line num="33" count="15" type="stmt"/>
          <line num="34" count="15" type="stmt"/>
          <line num="42" count="2" type="stmt"/>
          <line num="43" count="2" type="stmt"/>
          <line num="44" count="2" type="stmt"/>
          <line num="45" count="2" type="cond" truecount="2" falsecount="0"/>
          <line num="46" count="1" type="stmt"/>
          <line num="47" count="1" type="stmt"/>
          <line num="52" count="1" type="stmt"/>
          <line num="60" count="19" type="stmt"/>
          <line num="61" count="19" type="stmt"/>
          <line num="62" count="0" type="stmt"/>
          <line num="64" count="19" type="stmt"/>
        </file>
      </package>
    </metrics>
  </project>
</coverage>
