<?xml version="1.0" encoding="UTF-8"?>
<coverage generated="1533568325403" clover="3.2.0">
  <project timestamp="1533568325403" name="All files">
    <metrics statements="51" coveredstatements="47" conditionals="35" coveredconditionals="33" methods="12" coveredmethods="10" elements="98" coveredelements="90" complexity="0" loc="51" ncloc="51" packages="5" files="11" classes="11">
      <package name="src">
        <metrics statements="4" coveredstatements="4" conditionals="0" coveredconditionals="0" methods="0" coveredmethods="0"/>
        <file name="setupTests.js" path="/home/thanhminh/Desktop/demo-jest/src/setupTests.js">
          <metrics statements="4" coveredstatements="4" conditionals="0" coveredconditionals="0" methods="0" coveredmethods="0"/>
          <line num="4" count="2" type="stmt"/>
          <line num="6" count="2" type="stmt"/>
          <line num="7" count="2" type="stmt"/>
          <line num="8" count="2" type="stmt"/>
        </file>
      </package>
      <package name="src.components">
        <metrics statements="1" coveredstatements="1" conditionals="2" coveredconditionals="1" methods="1" coveredmethods="1"/>
        <file name="index.js" path="/home/thanhminh/Desktop/demo-jest/src/components/index.js">
          <metrics statements="0" coveredstatements="0" conditionals="0" coveredconditionals="0" methods="0" coveredmethods="0"/>
        </file>
        <file name="notification.js" path="/home/thanhminh/Desktop/demo-jest/src/components/notification.js">
          <metrics statements="1" coveredstatements="1" conditionals="2" coveredconditionals="1" methods="1" coveredmethods="1"/>
          <line num="5" count="1" type="cond" truecount="1" falsecount="1"/>
        </file>
      </package>
      <package name="src.configs">
        <metrics statements="1" coveredstatements="1" conditionals="0" coveredconditionals="0" methods="0" coveredmethods="0"/>
        <file name="app.js" path="/home/thanhminh/Desktop/demo-jest/src/configs/app.js">
          <metrics statements="0" coveredstatements="0" conditionals="0" coveredconditionals="0" methods="0" coveredmethods="0"/>
        </file>
        <file name="i18n.js" path="/home/thanhminh/Desktop/demo-jest/src/configs/i18n.js">
          <metrics statements="1" coveredstatements="1" conditionals="0" coveredconditionals="0" methods="0" coveredmethods="0"/>
          <line num="5" count="2" type="stmt"/>
        </file>
        <file name="image.js" path="/home/thanhminh/Desktop/demo-jest/src/configs/image.js">
          <metrics statements="0" coveredstatements="0" conditionals="0" coveredconditionals="0" methods="0" coveredmethods="0"/>
        </file>
        <file name="index.js" path="/home/thanhminh/Desktop/demo-jest/src/configs/index.js">
          <metrics statements="0" coveredstatements="0" conditionals="0" coveredconditionals="0" methods="0" coveredmethods="0"/>
        </file>
        <file name="message.js" path="/home/thanhminh/Desktop/demo-jest/src/configs/message.js">
          <metrics statements="0" coveredstatements="0" conditionals="0" coveredconditionals="0" methods="0" coveredmethods="0"/>
        </file>
      </package>
      <package name="src.screens.login">
        <metrics statements="29" coveredstatements="25" conditionals="10" coveredconditionals="9" methods="10" coveredmethods="8"/>
        <file name="validator.js" path="/home/thanhminh/Desktop/demo-jest/src/screens/login/validator.js">
          <metrics statements="8" coveredstatements="8" conditionals="8" coveredconditionals="8" methods="1" coveredmethods="1"/>
          <line num="3" count="2" type="stmt"/>
          <line num="4" count="7" type="cond" truecount="4" falsecount="0"/>
          <line num="5" count="4" type="stmt"/>
          <line num="6" count="3" type="cond" truecount="2" falsecount="0"/>
          <line num="7" count="1" type="stmt"/>
          <line num="8" count="2" type="cond" truecount="2" falsecount="0"/>
          <line num="9" count="1" type="stmt"/>
          <line num="11" count="1" type="stmt"/>
        </file>
        <file name="view.js" path="/home/thanhminh/Desktop/demo-jest/src/screens/login/view.js">
          <metrics statements="21" coveredstatements="17" conditionals="2" coveredconditionals="1" methods="9" coveredmethods="7"/>
          <line num="11" count="1" type="stmt"/>
          <line num="14" count="4" type="stmt"/>
          <line num="15" count="4" type="stmt"/>
          <line num="22" count="2" type="stmt"/>
          <line num="23" count="2" type="stmt"/>
          <line num="24" count="2" type="stmt"/>
          <line num="28" count="1" type="stmt"/>
          <line num="29" count="1" type="stmt"/>
          <line num="30" count="1" type="stmt"/>
          <line num="31" count="1" type="cond" truecount="1" falsecount="1"/>
          <line num="32" count="0" type="stmt"/>
          <line num="33" count="0" type="stmt"/>
          <line num="38" count="1" type="stmt"/>
          <line num="43" count="6" type="stmt"/>
          <line num="44" count="6" type="stmt"/>
          <line num="45" count="2" type="stmt"/>
          <line num="47" count="6" type="stmt"/>
          <line num="94" count="0" type="stmt"/>
          <line num="99" count="0" type="stmt"/>
          <line num="111" count="1" type="stmt"/>
          <line num="114" count="1" type="stmt"/>
        </file>
      </package>
      <package name="src.screens.register">
        <metrics statements="16" coveredstatements="16" conditionals="23" coveredconditionals="23" methods="1" coveredmethods="1"/>
        <file name="validator.js" path="/home/thanhminh/Desktop/demo-jest/src/screens/register/validator.js">
          <metrics statements="16" coveredstatements="16" conditionals="23" coveredconditionals="23" methods="1" coveredmethods="1"/>
          <line num="3" count="1" type="stmt"/>
          <line num="4" count="9" type="cond" truecount="7" falsecount="0"/>
          <line num="5" count="1" type="stmt"/>
          <line num="6" count="8" type="cond" truecount="2" falsecount="0"/>
          <line num="7" count="1" type="stmt"/>
          <line num="8" count="7" type="cond" truecount="4" falsecount="0"/>
          <line num="9" count="1" type="stmt"/>
          <line num="10" count="6" type="cond" truecount="2" falsecount="0"/>
          <line num="11" count="1" type="stmt"/>
          <line num="12" count="5" type="cond" truecount="2" falsecount="0"/>
          <line num="13" count="1" type="stmt"/>
          <line num="14" count="4" type="cond" truecount="2" falsecount="0"/>
          <line num="15" count="1" type="stmt"/>
          <line num="16" count="3" type="cond" truecount="4" falsecount="0"/>
          <line num="17" count="2" type="stmt"/>
          <line num="19" count="1" type="stmt"/>
        </file>
      </package>
    </metrics>
  </project>
</coverage>
