{"/home/thanhminh/Desktop/demo-jest/src/setupTests.js": {"path":"/home/thanhminh/Desktop/demo-jest/src/setupTests.js","statementMap":{"0":{"start":{"line":4,"column":0},"end":{"line":4,"column":45}},"1":{"start":{"line":6,"column":0},"end":{"line":6,"column":24}},"2":{"start":{"line":7,"column":0},"end":{"line":7,"column":22}},"3":{"start":{"line":8,"column":0},"end":{"line":8,"column":20}}},"fnMap":{},"branchMap":{},"s":{"0":5,"1":5,"2":5,"3":5},"f":{},"b":{},"_coverageSchema":"332fd63041d2c1bcb487cc26dd0d5f7d97098a6c","hash":"16c9745184e82cfb23dc5289c7288b861d09d8d7"}
,"/home/thanhminh/Desktop/demo-jest/src/components/account-kit.js": {"path":"/home/thanhminh/Desktop/demo-jest/src/components/account-kit.js","statementMap":{"0":{"start":{"line":11,"column":18},"end":{"line":11,"column":28}},"1":{"start":{"line":12,"column":4},"end":{"line":26,"column":5}},"2":{"start":{"line":17,"column":30},"end":{"line":17,"column":47}},"3":{"start":{"line":22,"column":16},"end":{"line":22,"column":65}}},"fnMap":{"0":{"name":"(anonymous_0)","decl":{"start":{"line":10,"column":2},"end":{"line":10,"column":3}},"loc":{"start":{"line":10,"column":11},"end":{"line":27,"column":3}},"line":10},"1":{"name":"(anonymous_1)","decl":{"start":{"line":17,"column":22},"end":{"line":17,"column":23}},"loc":{"start":{"line":17,"column":30},"end":{"line":17,"column":47}},"line":17},"2":{"name":"(anonymous_2)","decl":{"start":{"line":22,"column":11},"end":{"line":22,"column":12}},"loc":{"start":{"line":22,"column":16},"end":{"line":22,"column":65}},"line":22}},"branchMap":{},"s":{"0":0,"1":0,"2":0,"3":0},"f":{"0":0,"1":0,"2":0},"b":{},"_coverageSchema":"332fd63041d2c1bcb487cc26dd0d5f7d97098a6c","hash":"8e35b33df06c106f2173951447d3ba5515f39e33"}
,"/home/thanhminh/Desktop/demo-jest/src/components/index.js": {"path":"/home/thanhminh/Desktop/demo-jest/src/components/index.js","statementMap":{},"fnMap":{},"branchMap":{},"s":{},"f":{},"b":{},"_coverageSchema":"332fd63041d2c1bcb487cc26dd0d5f7d97098a6c","hash":"6d8b168d2d2609f22a8013dfab4a2a0b9d2d540c"}
,"/home/thanhminh/Desktop/demo-jest/src/components/language.js": {"path":"/home/thanhminh/Desktop/demo-jest/src/components/language.js","statementMap":{"0":{"start":{"line":10,"column":34},"end":{"line":10,"column":44}},"1":{"start":{"line":11,"column":4},"end":{"line":22,"column":5}},"2":{"start":{"line":16,"column":12},"end":{"line":18,"column":21}},"3":{"start":{"line":16,"column":35},"end":{"line":16,"column":64}}},"fnMap":{"0":{"name":"(anonymous_0)","decl":{"start":{"line":9,"column":2},"end":{"line":9,"column":3}},"loc":{"start":{"line":9,"column":11},"end":{"line":23,"column":3}},"line":9},"1":{"name":"(anonymous_1)","decl":{"start":{"line":15,"column":32},"end":{"line":15,"column":33}},"loc":{"start":{"line":16,"column":12},"end":{"line":18,"column":21}},"line":16},"2":{"name":"(anonymous_2)","decl":{"start":{"line":16,"column":29},"end":{"line":16,"column":30}},"loc":{"start":{"line":16,"column":35},"end":{"line":16,"column":64}},"line":16}},"branchMap":{},"s":{"0":3,"1":3,"2":6,"3":0},"f":{"0":3,"1":6,"2":0},"b":{},"_coverageSchema":"332fd63041d2c1bcb487cc26dd0d5f7d97098a6c","hash":"86b1443cf4b02ca2e984f7562c00cd211392a29d"}
,"/home/thanhminh/Desktop/demo-jest/src/components/notification.js": {"path":"/home/thanhminh/Desktop/demo-jest/src/components/notification.js","statementMap":{"0":{"start":{"line":5,"column":2},"end":{"line":5,"column":54}}},"fnMap":{"0":{"name":"(anonymous_0)","decl":{"start":{"line":4,"column":15},"end":{"line":4,"column":16}},"loc":{"start":{"line":4,"column":37},"end":{"line":6,"column":1}},"line":4}},"branchMap":{"0":{"loc":{"start":{"line":5,"column":10},"end":{"line":5,"column":47}},"type":"binary-expr","locations":[{"start":{"line":5,"column":10},"end":{"line":5,"column":14}},{"start":{"line":5,"column":18},"end":{"line":5,"column":47}}],"line":5}},"s":{"0":2},"f":{"0":2},"b":{"0":[2,0]},"_coverageSchema":"332fd63041d2c1bcb487cc26dd0d5f7d97098a6c","hash":"162e0039c2596238534ff9ff4102d6470bcd3e1f"}
,"/home/thanhminh/Desktop/demo-jest/src/configs/app.js": {"path":"/home/thanhminh/Desktop/demo-jest/src/configs/app.js","statementMap":{},"fnMap":{},"branchMap":{},"s":{},"f":{},"b":{},"_coverageSchema":"332fd63041d2c1bcb487cc26dd0d5f7d97098a6c","hash":"37f93d28d9caddd178ba689396763132f38f9713"}
,"/home/thanhminh/Desktop/demo-jest/src/configs/appId.js": {"path":"/home/thanhminh/Desktop/demo-jest/src/configs/appId.js","statementMap":{},"fnMap":{},"branchMap":{},"s":{},"f":{},"b":{},"_coverageSchema":"332fd63041d2c1bcb487cc26dd0d5f7d97098a6c","hash":"6b46d133ae49fe1961b8890a99c0dee150af770d"}
,"/home/thanhminh/Desktop/demo-jest/src/configs/i18n.js": {"path":"/home/thanhminh/Desktop/demo-jest/src/configs/i18n.js","statementMap":{"0":{"start":{"line":6,"column":0},"end":{"line":26,"column":3}}},"fnMap":{},"branchMap":{},"s":{"0":5},"f":{},"b":{},"_coverageSchema":"332fd63041d2c1bcb487cc26dd0d5f7d97098a6c","hash":"ba87dc84bedb8152788c856265528117d0c45a06"}
,"/home/thanhminh/Desktop/demo-jest/src/configs/image.js": {"path":"/home/thanhminh/Desktop/demo-jest/src/configs/image.js","statementMap":{},"fnMap":{},"branchMap":{},"s":{},"f":{},"b":{},"_coverageSchema":"332fd63041d2c1bcb487cc26dd0d5f7d97098a6c","hash":"26c3a15708082981041c01ca6b2bc0680697e83b"}
,"/home/thanhminh/Desktop/demo-jest/src/configs/index.js": {"path":"/home/thanhminh/Desktop/demo-jest/src/configs/index.js","statementMap":{},"fnMap":{},"branchMap":{},"s":{},"f":{},"b":{},"_coverageSchema":"332fd63041d2c1bcb487cc26dd0d5f7d97098a6c","hash":"79636b4bca688736f93844b3660456953556c96c"}
,"/home/thanhminh/Desktop/demo-jest/src/configs/locale/en.js": {"path":"/home/thanhminh/Desktop/demo-jest/src/configs/locale/en.js","statementMap":{},"fnMap":{},"branchMap":{},"s":{},"f":{},"b":{},"_coverageSchema":"332fd63041d2c1bcb487cc26dd0d5f7d97098a6c","hash":"72ffa56a3a27f266a52d64ae34b60f8bc07e84e9"}
,"/home/thanhminh/Desktop/demo-jest/src/configs/locale/index.js": {"path":"/home/thanhminh/Desktop/demo-jest/src/configs/locale/index.js","statementMap":{},"fnMap":{},"branchMap":{},"s":{},"f":{},"b":{},"_coverageSchema":"332fd63041d2c1bcb487cc26dd0d5f7d97098a6c","hash":"95462307c2555d3884535eba5487a5ac5b633bd6"}
,"/home/thanhminh/Desktop/demo-jest/src/configs/locale/key.js": {"path":"/home/thanhminh/Desktop/demo-jest/src/configs/locale/key.js","statementMap":{},"fnMap":{},"branchMap":{},"s":{},"f":{},"b":{},"_coverageSchema":"332fd63041d2c1bcb487cc26dd0d5f7d97098a6c","hash":"3b8522ae056bbf7d04300c050f74c3b91ae6dddf"}
,"/home/thanhminh/Desktop/demo-jest/src/configs/locale/vn.js": {"path":"/home/thanhminh/Desktop/demo-jest/src/configs/locale/vn.js","statementMap":{},"fnMap":{},"branchMap":{},"s":{},"f":{},"b":{},"_coverageSchema":"332fd63041d2c1bcb487cc26dd0d5f7d97098a6c","hash":"314036a057e51de2978d2e99b824827831b2d704"}
,"/home/thanhminh/Desktop/demo-jest/src/screens/login/validator.js": {"path":"/home/thanhminh/Desktop/demo-jest/src/screens/login/validator.js","statementMap":{"0":{"start":{"line":4,"column":24},"end":{"line":4,"column":25}},"1":{"start":{"line":5,"column":22},"end":{"line":8,"column":1}},"2":{"start":{"line":15,"column":23},"end":{"line":26,"column":1}},"3":{"start":{"line":16,"column":2},"end":{"line":24,"column":3}},"4":{"start":{"line":17,"column":4},"end":{"line":17,"column":61}},"5":{"start":{"line":18,"column":9},"end":{"line":24,"column":3}},"6":{"start":{"line":19,"column":4},"end":{"line":19,"column":53}},"7":{"start":{"line":20,"column":9},"end":{"line":24,"column":3}},"8":{"start":{"line":21,"column":4},"end":{"line":21,"column":74}},"9":{"start":{"line":23,"column":4},"end":{"line":23,"column":32}},"10":{"start":{"line":25,"column":2},"end":{"line":25,"column":22}}},"fnMap":{"0":{"name":"(anonymous_0)","decl":{"start":{"line":15,"column":23},"end":{"line":15,"column":24}},"loc":{"start":{"line":15,"column":44},"end":{"line":26,"column":1}},"line":15}},"branchMap":{"0":{"loc":{"start":{"line":16,"column":2},"end":{"line":24,"column":3}},"type":"if","locations":[{"start":{"line":16,"column":2},"end":{"line":24,"column":3}},{"start":{"line":16,"column":2},"end":{"line":24,"column":3}}],"line":16},"1":{"loc":{"start":{"line":16,"column":6},"end":{"line":16,"column":25}},"type":"binary-expr","locations":[{"start":{"line":16,"column":6},"end":{"line":16,"column":12}},{"start":{"line":16,"column":16},"end":{"line":16,"column":25}}],"line":16},"2":{"loc":{"start":{"line":18,"column":9},"end":{"line":24,"column":3}},"type":"if","locations":[{"start":{"line":18,"column":9},"end":{"line":24,"column":3}},{"start":{"line":18,"column":9},"end":{"line":24,"column":3}}],"line":18},"3":{"loc":{"start":{"line":20,"column":9},"end":{"line":24,"column":3}},"type":"if","locations":[{"start":{"line":20,"column":9},"end":{"line":24,"column":3}},{"start":{"line":20,"column":9},"end":{"line":24,"column":3}}],"line":20}},"s":{"0":2,"1":2,"2":2,"3":10,"4":3,"5":7,"6":3,"7":4,"8":1,"9":3,"10":10},"f":{"0":10},"b":{"0":[3,7],"1":[10,8],"2":[3,4],"3":[1,3]},"_coverageSchema":"332fd63041d2c1bcb487cc26dd0d5f7d97098a6c","hash":"a11f0e023116bfd8b325a448fe80ae6416d6ca0a"}
,"/home/thanhminh/Desktop/demo-jest/src/screens/login/view.js": {"path":"/home/thanhminh/Desktop/demo-jest/src/screens/login/view.js","statementMap":{"0":{"start":{"line":11,"column":17},"end":{"line":11,"column":26}},"1":{"start":{"line":14,"column":4},"end":{"line":14,"column":16}},"2":{"start":{"line":15,"column":4},"end":{"line":18,"column":5}},"3":{"start":{"line":29,"column":21},"end":{"line":29,"column":23}},"4":{"start":{"line":30,"column":4},"end":{"line":30,"column":52}},"5":{"start":{"line":31,"column":4},"end":{"line":31,"column":27}},"6":{"start":{"line":40,"column":28},"end":{"line":40,"column":38}},"7":{"start":{"line":41,"column":32},"end":{"line":41,"column":42}},"8":{"start":{"line":42,"column":22},"end":{"line":42,"column":53}},"9":{"start":{"line":43,"column":4},"end":{"line":51,"column":5}},"10":{"start":{"line":44,"column":19},"end":{"line":44,"column":38}},"11":{"start":{"line":45,"column":6},"end":{"line":48,"column":8}},"12":{"start":{"line":50,"column":6},"end":{"line":50,"column":71}},"13":{"start":{"line":58,"column":24},"end":{"line":58,"column":34}},"14":{"start":{"line":59,"column":27},"end":{"line":61,"column":5}},"15":{"start":{"line":60,"column":6},"end":{"line":60,"column":30}},"16":{"start":{"line":62,"column":4},"end":{"line":119,"column":5}}},"fnMap":{"0":{"name":"(anonymous_0)","decl":{"start":{"line":13,"column":2},"end":{"line":13,"column":3}},"loc":{"start":{"line":13,"column":21},"end":{"line":19,"column":3}},"line":13},"1":{"name":"(anonymous_1)","decl":{"start":{"line":28,"column":17},"end":{"line":28,"column":18}},"loc":{"start":{"line":28,"column":28},"end":{"line":32,"column":3}},"line":28},"2":{"name":"(anonymous_2)","decl":{"start":{"line":39,"column":16},"end":{"line":39,"column":17}},"loc":{"start":{"line":39,"column":22},"end":{"line":52,"column":3}},"line":39},"3":{"name":"(anonymous_3)","decl":{"start":{"line":57,"column":2},"end":{"line":57,"column":3}},"loc":{"start":{"line":57,"column":11},"end":{"line":120,"column":3}},"line":57},"4":{"name":"(anonymous_4)","decl":{"start":{"line":59,"column":27},"end":{"line":59,"column":28}},"loc":{"start":{"line":59,"column":36},"end":{"line":61,"column":5}},"line":59}},"branchMap":{"0":{"loc":{"start":{"line":43,"column":4},"end":{"line":51,"column":5}},"type":"if","locations":[{"start":{"line":43,"column":4},"end":{"line":51,"column":5}},{"start":{"line":43,"column":4},"end":{"line":51,"column":5}}],"line":43}},"s":{"0":1,"1":4,"2":4,"3":6,"4":6,"5":6,"6":2,"7":2,"8":2,"9":2,"10":1,"11":1,"12":1,"13":10,"14":10,"15":0,"16":10},"f":{"0":4,"1":6,"2":2,"3":10,"4":0},"b":{"0":[1,1]},"_coverageSchema":"332fd63041d2c1bcb487cc26dd0d5f7d97098a6c","hash":"cef413e1af3ff14fe63a91006e045a0f9b116233"}
,"/home/thanhminh/Desktop/demo-jest/src/screens/register/validator.js": {"path":"/home/thanhminh/Desktop/demo-jest/src/screens/register/validator.js","statementMap":{"0":{"start":{"line":4,"column":24},"end":{"line":4,"column":27}},"1":{"start":{"line":5,"column":24},"end":{"line":5,"column":25}},"2":{"start":{"line":6,"column":16},"end":{"line":6,"column":17}},"3":{"start":{"line":7,"column":16},"end":{"line":7,"column":19}},"4":{"start":{"line":8,"column":24},"end":{"line":8,"column":25}},"5":{"start":{"line":10,"column":17},"end":{"line":13,"column":1}},"6":{"start":{"line":24,"column":26},"end":{"line":43,"column":1}},"7":{"start":{"line":25,"column":2},"end":{"line":41,"column":3}},"8":{"start":{"line":26,"column":4},"end":{"line":26,"column":48}},"9":{"start":{"line":27,"column":9},"end":{"line":41,"column":3}},"10":{"start":{"line":28,"column":4},"end":{"line":28,"column":48}},"11":{"start":{"line":29,"column":9},"end":{"line":41,"column":3}},"12":{"start":{"line":30,"column":4},"end":{"line":30,"column":74}},"13":{"start":{"line":31,"column":9},"end":{"line":41,"column":3}},"14":{"start":{"line":32,"column":4},"end":{"line":32,"column":69}},"15":{"start":{"line":33,"column":9},"end":{"line":41,"column":3}},"16":{"start":{"line":34,"column":4},"end":{"line":34,"column":55}},"17":{"start":{"line":35,"column":9},"end":{"line":41,"column":3}},"18":{"start":{"line":36,"column":4},"end":{"line":36,"column":49}},"19":{"start":{"line":37,"column":9},"end":{"line":41,"column":3}},"20":{"start":{"line":38,"column":4},"end":{"line":38,"column":42}},"21":{"start":{"line":40,"column":4},"end":{"line":40,"column":27}},"22":{"start":{"line":42,"column":2},"end":{"line":42,"column":17}}},"fnMap":{"0":{"name":"(anonymous_0)","decl":{"start":{"line":24,"column":26},"end":{"line":24,"column":27}},"loc":{"start":{"line":24,"column":70},"end":{"line":43,"column":1}},"line":24}},"branchMap":{"0":{"loc":{"start":{"line":25,"column":2},"end":{"line":41,"column":3}},"type":"if","locations":[{"start":{"line":25,"column":2},"end":{"line":41,"column":3}},{"start":{"line":25,"column":2},"end":{"line":41,"column":3}}],"line":25},"1":{"loc":{"start":{"line":25,"column":6},"end":{"line":25,"column":57}},"type":"binary-expr","locations":[{"start":{"line":25,"column":6},"end":{"line":25,"column":11}},{"start":{"line":25,"column":15},"end":{"line":25,"column":21}},{"start":{"line":25,"column":25},"end":{"line":25,"column":34}},{"start":{"line":25,"column":38},"end":{"line":25,"column":49}},{"start":{"line":25,"column":53},"end":{"line":25,"column":57}}],"line":25},"2":{"loc":{"start":{"line":27,"column":9},"end":{"line":41,"column":3}},"type":"if","locations":[{"start":{"line":27,"column":9},"end":{"line":41,"column":3}},{"start":{"line":27,"column":9},"end":{"line":41,"column":3}}],"line":27},"3":{"loc":{"start":{"line":29,"column":9},"end":{"line":41,"column":3}},"type":"if","locations":[{"start":{"line":29,"column":9},"end":{"line":41,"column":3}},{"start":{"line":29,"column":9},"end":{"line":41,"column":3}}],"line":29},"4":{"loc":{"start":{"line":29,"column":13},"end":{"line":29,"column":75}},"type":"binary-expr","locations":[{"start":{"line":29,"column":13},"end":{"line":29,"column":42}},{"start":{"line":29,"column":46},"end":{"line":29,"column":75}}],"line":29},"5":{"loc":{"start":{"line":31,"column":9},"end":{"line":41,"column":3}},"type":"if","locations":[{"start":{"line":31,"column":9},"end":{"line":41,"column":3}},{"start":{"line":31,"column":9},"end":{"line":41,"column":3}}],"line":31},"6":{"loc":{"start":{"line":33,"column":9},"end":{"line":41,"column":3}},"type":"if","locations":[{"start":{"line":33,"column":9},"end":{"line":41,"column":3}},{"start":{"line":33,"column":9},"end":{"line":41,"column":3}}],"line":33},"7":{"loc":{"start":{"line":35,"column":9},"end":{"line":41,"column":3}},"type":"if","locations":[{"start":{"line":35,"column":9},"end":{"line":41,"column":3}},{"start":{"line":35,"column":9},"end":{"line":41,"column":3}}],"line":35},"8":{"loc":{"start":{"line":37,"column":9},"end":{"line":41,"column":3}},"type":"if","locations":[{"start":{"line":37,"column":9},"end":{"line":41,"column":3}},{"start":{"line":37,"column":9},"end":{"line":41,"column":3}}],"line":37},"9":{"loc":{"start":{"line":37,"column":13},"end":{"line":37,"column":43}},"type":"binary-expr","locations":[{"start":{"line":37,"column":13},"end":{"line":37,"column":26}},{"start":{"line":37,"column":30},"end":{"line":37,"column":43}}],"line":37}},"s":{"0":2,"1":2,"2":2,"3":2,"4":2,"5":2,"6":2,"7":13,"8":1,"9":12,"10":3,"11":9,"12":1,"13":8,"14":1,"15":7,"16":1,"17":6,"18":1,"19":5,"20":2,"21":3,"22":13},"f":{"0":13},"b":{"0":[1,12],"1":[13,12,12,12,12],"2":[3,9],"3":[1,8],"4":[9,8],"5":[1,7],"6":[1,6],"7":[1,5],"8":[2,3],"9":[5,4]},"_coverageSchema":"332fd63041d2c1bcb487cc26dd0d5f7d97098a6c","hash":"9795c9f0c099e131e408048b7647a03189192bd2"}
,"/home/thanhminh/Desktop/demo-jest/src/screens/register/view.js": {"path":"/home/thanhminh/Desktop/demo-jest/src/screens/register/view.js","statementMap":{"0":{"start":{"line":12,"column":17},"end":{"line":12,"column":26}},"1":{"start":{"line":15,"column":4},"end":{"line":15,"column":16}},"2":{"start":{"line":16,"column":4},"end":{"line":22,"column":5}},"3":{"start":{"line":32,"column":21},"end":{"line":32,"column":23}},"4":{"start":{"line":33,"column":4},"end":{"line":33,"column":52}},"5":{"start":{"line":34,"column":4},"end":{"line":34,"column":27}},"6":{"start":{"line":42,"column":55},"end":{"line":42,"column":65}},"7":{"start":{"line":43,"column":28},"end":{"line":43,"column":38}},"8":{"start":{"line":44,"column":22},"end":{"line":44,"column":79}},"9":{"start":{"line":45,"column":4},"end":{"line":53,"column":5}},"10":{"start":{"line":46,"column":22},"end":{"line":46,"column":64}},"11":{"start":{"line":47,"column":6},"end":{"line":50,"column":8}},"12":{"start":{"line":52,"column":6},"end":{"line":52,"column":71}},"13":{"start":{"line":60,"column":24},"end":{"line":60,"column":34}},"14":{"start":{"line":61,"column":27},"end":{"line":63,"column":5}},"15":{"start":{"line":62,"column":6},"end":{"line":62,"column":30}},"16":{"start":{"line":64,"column":4},"end":{"line":157,"column":5}}},"fnMap":{"0":{"name":"(anonymous_0)","decl":{"start":{"line":14,"column":2},"end":{"line":14,"column":3}},"loc":{"start":{"line":14,"column":21},"end":{"line":23,"column":3}},"line":14},"1":{"name":"(anonymous_1)","decl":{"start":{"line":30,"column":17},"end":{"line":30,"column":18}},"loc":{"start":{"line":30,"column":28},"end":{"line":35,"column":3}},"line":30},"2":{"name":"(anonymous_2)","decl":{"start":{"line":41,"column":19},"end":{"line":41,"column":20}},"loc":{"start":{"line":41,"column":25},"end":{"line":54,"column":3}},"line":41},"3":{"name":"(anonymous_3)","decl":{"start":{"line":59,"column":2},"end":{"line":59,"column":3}},"loc":{"start":{"line":59,"column":11},"end":{"line":158,"column":3}},"line":59},"4":{"name":"(anonymous_4)","decl":{"start":{"line":61,"column":27},"end":{"line":61,"column":28}},"loc":{"start":{"line":61,"column":36},"end":{"line":63,"column":5}},"line":61}},"branchMap":{"0":{"loc":{"start":{"line":45,"column":4},"end":{"line":53,"column":5}},"type":"if","locations":[{"start":{"line":45,"column":4},"end":{"line":53,"column":5}},{"start":{"line":45,"column":4},"end":{"line":53,"column":5}}],"line":45}},"s":{"0":1,"1":4,"2":4,"3":15,"4":15,"5":15,"6":2,"7":2,"8":2,"9":2,"10":1,"11":1,"12":1,"13":19,"14":19,"15":0,"16":19},"f":{"0":4,"1":15,"2":2,"3":19,"4":0},"b":{"0":[1,1]},"_coverageSchema":"332fd63041d2c1bcb487cc26dd0d5f7d97098a6c","hash":"77e293c3fa47d0f72737ada4f7e7be727fb3c9c6"}
}
