{"/home/thanhminh/Desktop/demo-jest/src/setupTests.js": {"path":"/home/thanhminh/Desktop/demo-jest/src/setupTests.js","statementMap":{"0":{"start":{"line":4,"column":0},"end":{"line":4,"column":45}},"1":{"start":{"line":6,"column":0},"end":{"line":6,"column":24}},"2":{"start":{"line":7,"column":0},"end":{"line":7,"column":22}},"3":{"start":{"line":8,"column":0},"end":{"line":8,"column":20}}},"fnMap":{},"branchMap":{},"s":{"0":2,"1":2,"2":2,"3":2},"f":{},"b":{},"_coverageSchema":"332fd63041d2c1bcb487cc26dd0d5f7d97098a6c","hash":"16c9745184e82cfb23dc5289c7288b861d09d8d7"}
,"/home/thanhminh/Desktop/demo-jest/src/components/index.js": {"path":"/home/thanhminh/Desktop/demo-jest/src/components/index.js","statementMap":{},"fnMap":{},"branchMap":{},"s":{},"f":{},"b":{},"_coverageSchema":"332fd63041d2c1bcb487cc26dd0d5f7d97098a6c","hash":"6d8b168d2d2609f22a8013dfab4a2a0b9d2d540c"}
,"/home/thanhminh/Desktop/demo-jest/src/components/notification.js": {"path":"/home/thanhminh/Desktop/demo-jest/src/components/notification.js","statementMap":{"0":{"start":{"line":5,"column":2},"end":{"line":5,"column":54}}},"fnMap":{"0":{"name":"(anonymous_0)","decl":{"start":{"line":4,"column":15},"end":{"line":4,"column":16}},"loc":{"start":{"line":4,"column":37},"end":{"line":6,"column":1}},"line":4}},"branchMap":{"0":{"loc":{"start":{"line":5,"column":10},"end":{"line":5,"column":47}},"type":"binary-expr","locations":[{"start":{"line":5,"column":10},"end":{"line":5,"column":14}},{"start":{"line":5,"column":18},"end":{"line":5,"column":47}}],"line":5}},"s":{"0":1},"f":{"0":1},"b":{"0":[1,0]},"_coverageSchema":"332fd63041d2c1bcb487cc26dd0d5f7d97098a6c","hash":"162e0039c2596238534ff9ff4102d6470bcd3e1f"}
,"/home/thanhminh/Desktop/demo-jest/src/configs/app.js": {"path":"/home/thanhminh/Desktop/demo-jest/src/configs/app.js","statementMap":{},"fnMap":{},"branchMap":{},"s":{},"f":{},"b":{},"_coverageSchema":"332fd63041d2c1bcb487cc26dd0d5f7d97098a6c","hash":"37f93d28d9caddd178ba689396763132f38f9713"}
,"/home/thanhminh/Desktop/demo-jest/src/configs/i18n.js": {"path":"/home/thanhminh/Desktop/demo-jest/src/configs/i18n.js","statementMap":{"0":{"start":{"line":5,"column":0},"end":{"line":94,"column":3}}},"fnMap":{},"branchMap":{},"s":{"0":2},"f":{},"b":{},"_coverageSchema":"332fd63041d2c1bcb487cc26dd0d5f7d97098a6c","hash":"dabf0b3254e5189d60ef6e1748675dbd9ab2cb7e"}
,"/home/thanhminh/Desktop/demo-jest/src/configs/image.js": {"path":"/home/thanhminh/Desktop/demo-jest/src/configs/image.js","statementMap":{},"fnMap":{},"branchMap":{},"s":{},"f":{},"b":{},"_coverageSchema":"332fd63041d2c1bcb487cc26dd0d5f7d97098a6c","hash":"26c3a15708082981041c01ca6b2bc0680697e83b"}
,"/home/thanhminh/Desktop/demo-jest/src/configs/index.js": {"path":"/home/thanhminh/Desktop/demo-jest/src/configs/index.js","statementMap":{},"fnMap":{},"branchMap":{},"s":{},"f":{},"b":{},"_coverageSchema":"332fd63041d2c1bcb487cc26dd0d5f7d97098a6c","hash":"79636b4bca688736f93844b3660456953556c96c"}
,"/home/thanhminh/Desktop/demo-jest/src/configs/message.js": {"path":"/home/thanhminh/Desktop/demo-jest/src/configs/message.js","statementMap":{},"fnMap":{},"branchMap":{},"s":{},"f":{},"b":{},"_coverageSchema":"332fd63041d2c1bcb487cc26dd0d5f7d97098a6c","hash":"7750c4847ae2a9348fcd68e3ba0ef5d7b205dc08"}
,"/home/thanhminh/Desktop/demo-jest/src/screens/login/validator.js": {"path":"/home/thanhminh/Desktop/demo-jest/src/screens/login/validator.js","statementMap":{"0":{"start":{"line":3,"column":23},"end":{"line":13,"column":1}},"1":{"start":{"line":4,"column":2},"end":{"line":12,"column":3}},"2":{"start":{"line":5,"column":4},"end":{"line":5,"column":64}},"3":{"start":{"line":6,"column":9},"end":{"line":12,"column":3}},"4":{"start":{"line":7,"column":4},"end":{"line":7,"column":56}},"5":{"start":{"line":8,"column":9},"end":{"line":12,"column":3}},"6":{"start":{"line":9,"column":4},"end":{"line":9,"column":77}},"7":{"start":{"line":11,"column":4},"end":{"line":11,"column":40}}},"fnMap":{"0":{"name":"(anonymous_0)","decl":{"start":{"line":3,"column":23},"end":{"line":3,"column":24}},"loc":{"start":{"line":3,"column":44},"end":{"line":13,"column":1}},"line":3}},"branchMap":{"0":{"loc":{"start":{"line":4,"column":2},"end":{"line":12,"column":3}},"type":"if","locations":[{"start":{"line":4,"column":2},"end":{"line":12,"column":3}},{"start":{"line":4,"column":2},"end":{"line":12,"column":3}}],"line":4},"1":{"loc":{"start":{"line":4,"column":6},"end":{"line":4,"column":25}},"type":"binary-expr","locations":[{"start":{"line":4,"column":6},"end":{"line":4,"column":12}},{"start":{"line":4,"column":16},"end":{"line":4,"column":25}}],"line":4},"2":{"loc":{"start":{"line":6,"column":9},"end":{"line":12,"column":3}},"type":"if","locations":[{"start":{"line":6,"column":9},"end":{"line":12,"column":3}},{"start":{"line":6,"column":9},"end":{"line":12,"column":3}}],"line":6},"3":{"loc":{"start":{"line":8,"column":9},"end":{"line":12,"column":3}},"type":"if","locations":[{"start":{"line":8,"column":9},"end":{"line":12,"column":3}},{"start":{"line":8,"column":9},"end":{"line":12,"column":3}}],"line":8}},"s":{"0":2,"1":7,"2":4,"3":3,"4":1,"5":2,"6":1,"7":1},"f":{"0":7},"b":{"0":[4,3],"1":[7,4],"2":[1,2],"3":[1,1]},"_coverageSchema":"332fd63041d2c1bcb487cc26dd0d5f7d97098a6c","hash":"11e999d0ebdb5bf06e5287927d94245eb578d4cf"}
,"/home/thanhminh/Desktop/demo-jest/src/screens/login/view.js": {"path":"/home/thanhminh/Desktop/demo-jest/src/screens/login/view.js","statementMap":{"0":{"start":{"line":11,"column":17},"end":{"line":11,"column":26}},"1":{"start":{"line":14,"column":4},"end":{"line":14,"column":16}},"2":{"start":{"line":15,"column":4},"end":{"line":18,"column":5}},"3":{"start":{"line":22,"column":21},"end":{"line":22,"column":23}},"4":{"start":{"line":23,"column":4},"end":{"line":23,"column":52}},"5":{"start":{"line":24,"column":4},"end":{"line":24,"column":27}},"6":{"start":{"line":28,"column":28},"end":{"line":28,"column":38}},"7":{"start":{"line":29,"column":32},"end":{"line":29,"column":42}},"8":{"start":{"line":30,"column":22},"end":{"line":30,"column":53}},"9":{"start":{"line":31,"column":4},"end":{"line":39,"column":5}},"10":{"start":{"line":32,"column":19},"end":{"line":32,"column":38}},"11":{"start":{"line":33,"column":6},"end":{"line":36,"column":8}},"12":{"start":{"line":38,"column":6},"end":{"line":38,"column":71}},"13":{"start":{"line":43,"column":24},"end":{"line":43,"column":34}},"14":{"start":{"line":44,"column":27},"end":{"line":46,"column":5}},"15":{"start":{"line":45,"column":6},"end":{"line":45,"column":30}},"16":{"start":{"line":47,"column":4},"end":{"line":121,"column":5}},"17":{"start":{"line":94,"column":36},"end":{"line":94,"column":53}},"18":{"start":{"line":99,"column":22},"end":{"line":99,"column":57}},"19":{"start":{"line":111,"column":52},"end":{"line":111,"column":72}},"20":{"start":{"line":114,"column":52},"end":{"line":114,"column":72}}},"fnMap":{"0":{"name":"(anonymous_0)","decl":{"start":{"line":13,"column":2},"end":{"line":13,"column":3}},"loc":{"start":{"line":13,"column":21},"end":{"line":19,"column":3}},"line":13},"1":{"name":"(anonymous_1)","decl":{"start":{"line":21,"column":17},"end":{"line":21,"column":18}},"loc":{"start":{"line":21,"column":28},"end":{"line":25,"column":3}},"line":21},"2":{"name":"(anonymous_2)","decl":{"start":{"line":27,"column":16},"end":{"line":27,"column":17}},"loc":{"start":{"line":27,"column":22},"end":{"line":40,"column":3}},"line":27},"3":{"name":"(anonymous_3)","decl":{"start":{"line":42,"column":2},"end":{"line":42,"column":3}},"loc":{"start":{"line":42,"column":11},"end":{"line":122,"column":3}},"line":42},"4":{"name":"(anonymous_4)","decl":{"start":{"line":44,"column":27},"end":{"line":44,"column":28}},"loc":{"start":{"line":44,"column":36},"end":{"line":46,"column":5}},"line":44},"5":{"name":"(anonymous_5)","decl":{"start":{"line":94,"column":28},"end":{"line":94,"column":29}},"loc":{"start":{"line":94,"column":36},"end":{"line":94,"column":53}},"line":94},"6":{"name":"(anonymous_6)","decl":{"start":{"line":99,"column":17},"end":{"line":99,"column":18}},"loc":{"start":{"line":99,"column":22},"end":{"line":99,"column":57}},"line":99},"7":{"name":"(anonymous_7)","decl":{"start":{"line":111,"column":46},"end":{"line":111,"column":47}},"loc":{"start":{"line":111,"column":52},"end":{"line":111,"column":72}},"line":111},"8":{"name":"(anonymous_8)","decl":{"start":{"line":114,"column":46},"end":{"line":114,"column":47}},"loc":{"start":{"line":114,"column":52},"end":{"line":114,"column":72}},"line":114}},"branchMap":{"0":{"loc":{"start":{"line":31,"column":4},"end":{"line":39,"column":5}},"type":"if","locations":[{"start":{"line":31,"column":4},"end":{"line":39,"column":5}},{"start":{"line":31,"column":4},"end":{"line":39,"column":5}}],"line":31}},"s":{"0":1,"1":4,"2":4,"3":2,"4":2,"5":2,"6":1,"7":1,"8":1,"9":1,"10":0,"11":0,"12":1,"13":6,"14":6,"15":2,"16":6,"17":0,"18":0,"19":1,"20":1},"f":{"0":4,"1":2,"2":1,"3":6,"4":2,"5":0,"6":0,"7":1,"8":1},"b":{"0":[0,1]},"_coverageSchema":"332fd63041d2c1bcb487cc26dd0d5f7d97098a6c","hash":"fbb6e5df508cbf06b56d138f9364eaff6f6a078b"}
,"/home/thanhminh/Desktop/demo-jest/src/screens/register/validator.js": {"path":"/home/thanhminh/Desktop/demo-jest/src/screens/register/validator.js","statementMap":{"0":{"start":{"line":3,"column":26},"end":{"line":21,"column":1}},"1":{"start":{"line":4,"column":2},"end":{"line":20,"column":3}},"2":{"start":{"line":5,"column":4},"end":{"line":5,"column":56}},"3":{"start":{"line":6,"column":9},"end":{"line":20,"column":3}},"4":{"start":{"line":7,"column":4},"end":{"line":7,"column":56}},"5":{"start":{"line":8,"column":9},"end":{"line":20,"column":3}},"6":{"start":{"line":9,"column":4},"end":{"line":9,"column":82}},"7":{"start":{"line":10,"column":9},"end":{"line":20,"column":3}},"8":{"start":{"line":11,"column":4},"end":{"line":11,"column":77}},"9":{"start":{"line":12,"column":9},"end":{"line":20,"column":3}},"10":{"start":{"line":13,"column":4},"end":{"line":13,"column":63}},"11":{"start":{"line":14,"column":9},"end":{"line":20,"column":3}},"12":{"start":{"line":15,"column":4},"end":{"line":15,"column":57}},"13":{"start":{"line":16,"column":9},"end":{"line":20,"column":3}},"14":{"start":{"line":17,"column":4},"end":{"line":17,"column":50}},"15":{"start":{"line":19,"column":4},"end":{"line":19,"column":40}}},"fnMap":{"0":{"name":"(anonymous_0)","decl":{"start":{"line":3,"column":26},"end":{"line":3,"column":27}},"loc":{"start":{"line":3,"column":70},"end":{"line":21,"column":1}},"line":3}},"branchMap":{"0":{"loc":{"start":{"line":4,"column":2},"end":{"line":20,"column":3}},"type":"if","locations":[{"start":{"line":4,"column":2},"end":{"line":20,"column":3}},{"start":{"line":4,"column":2},"end":{"line":20,"column":3}}],"line":4},"1":{"loc":{"start":{"line":4,"column":6},"end":{"line":4,"column":57}},"type":"binary-expr","locations":[{"start":{"line":4,"column":6},"end":{"line":4,"column":11}},{"start":{"line":4,"column":15},"end":{"line":4,"column":21}},{"start":{"line":4,"column":25},"end":{"line":4,"column":34}},{"start":{"line":4,"column":38},"end":{"line":4,"column":49}},{"start":{"line":4,"column":53},"end":{"line":4,"column":57}}],"line":4},"2":{"loc":{"start":{"line":6,"column":9},"end":{"line":20,"column":3}},"type":"if","locations":[{"start":{"line":6,"column":9},"end":{"line":20,"column":3}},{"start":{"line":6,"column":9},"end":{"line":20,"column":3}}],"line":6},"3":{"loc":{"start":{"line":8,"column":9},"end":{"line":20,"column":3}},"type":"if","locations":[{"start":{"line":8,"column":9},"end":{"line":20,"column":3}},{"start":{"line":8,"column":9},"end":{"line":20,"column":3}}],"line":8},"4":{"loc":{"start":{"line":8,"column":13},"end":{"line":8,"column":49}},"type":"binary-expr","locations":[{"start":{"line":8,"column":13},"end":{"line":8,"column":28}},{"start":{"line":8,"column":32},"end":{"line":8,"column":49}}],"line":8},"5":{"loc":{"start":{"line":10,"column":9},"end":{"line":20,"column":3}},"type":"if","locations":[{"start":{"line":10,"column":9},"end":{"line":20,"column":3}},{"start":{"line":10,"column":9},"end":{"line":20,"column":3}}],"line":10},"6":{"loc":{"start":{"line":12,"column":9},"end":{"line":20,"column":3}},"type":"if","locations":[{"start":{"line":12,"column":9},"end":{"line":20,"column":3}},{"start":{"line":12,"column":9},"end":{"line":20,"column":3}}],"line":12},"7":{"loc":{"start":{"line":14,"column":9},"end":{"line":20,"column":3}},"type":"if","locations":[{"start":{"line":14,"column":9},"end":{"line":20,"column":3}},{"start":{"line":14,"column":9},"end":{"line":20,"column":3}}],"line":14},"8":{"loc":{"start":{"line":16,"column":9},"end":{"line":20,"column":3}},"type":"if","locations":[{"start":{"line":16,"column":9},"end":{"line":20,"column":3}},{"start":{"line":16,"column":9},"end":{"line":20,"column":3}}],"line":16},"9":{"loc":{"start":{"line":16,"column":13},"end":{"line":16,"column":33}},"type":"binary-expr","locations":[{"start":{"line":16,"column":13},"end":{"line":16,"column":20}},{"start":{"line":16,"column":24},"end":{"line":16,"column":33}}],"line":16}},"s":{"0":1,"1":9,"2":1,"3":8,"4":1,"5":7,"6":1,"7":6,"8":1,"9":5,"10":1,"11":4,"12":1,"13":3,"14":2,"15":1},"f":{"0":9},"b":{"0":[1,8],"1":[9,8,8,8,8],"2":[1,7],"3":[1,6],"4":[7,6],"5":[1,5],"6":[1,4],"7":[1,3],"8":[2,1],"9":[3,2]},"_coverageSchema":"332fd63041d2c1bcb487cc26dd0d5f7d97098a6c","hash":"f15c21da5614304bb2433051f4dd8fdc37d53261"}
}
