TN:
SF:/home/thanhminh/Desktop/demo-jest/src/setupTests.js
FNF:0
FNH:0
DA:4,5
DA:6,5
DA:7,5
DA:8,5
LF:4
LH:4
BRF:0
BRH:0
end_of_record
TN:
SF:/home/thanhminh/Desktop/demo-jest/src/components/account-kit.js
FN:10,(anonymous_0)
FN:17,(anonymous_1)
FN:22,(anonymous_2)
FNF:3
FNH:0
FNDA:0,(anonymous_0)
FNDA:0,(anonymous_1)
FNDA:0,(anonymous_2)
DA:11,0
DA:12,0
DA:17,0
DA:22,0
LF:4
LH:0
BRF:0
BRH:0
end_of_record
TN:
SF:/home/thanhminh/Desktop/demo-jest/src/components/index.js
FNF:0
FNH:0
LF:0
LH:0
BRF:0
BRH:0
end_of_record
TN:
SF:/home/thanhminh/Desktop/demo-jest/src/components/language.js
FN:9,(anonymous_0)
FN:15,(anonymous_1)
FN:16,(anonymous_2)
FNF:3
FNH:2
FNDA:3,(anonymous_0)
FNDA:6,(anonymous_1)
FNDA:0,(anonymous_2)
DA:10,3
DA:11,3
DA:16,6
LF:3
LH:3
BRF:0
BRH:0
end_of_record
TN:
SF:/home/thanhminh/Desktop/demo-jest/src/components/notification.js
FN:4,(anonymous_0)
FNF:1
FNH:1
FNDA:2,(anonymous_0)
DA:5,2
LF:1
LH:1
BRDA:5,0,0,2
BRDA:5,0,1,0
BRF:2
BRH:1
end_of_record
TN:
SF:/home/thanhminh/Desktop/demo-jest/src/configs/app.js
FNF:0
FNH:0
LF:0
LH:0
BRF:0
BRH:0
end_of_record
TN:
SF:/home/thanhminh/Desktop/demo-jest/src/configs/appId.js
FNF:0
FNH:0
LF:0
LH:0
BRF:0
BRH:0
end_of_record
TN:
SF:/home/thanhminh/Desktop/demo-jest/src/configs/i18n.js
FNF:0
FNH:0
DA:6,5
LF:1
LH:1
BRF:0
BRH:0
end_of_record
TN:
SF:/home/thanhminh/Desktop/demo-jest/src/configs/image.js
FNF:0
FNH:0
LF:0
LH:0
BRF:0
BRH:0
end_of_record
TN:
SF:/home/thanhminh/Desktop/demo-jest/src/configs/index.js
FNF:0
FNH:0
LF:0
LH:0
BRF:0
BRH:0
end_of_record
TN:
SF:/home/thanhminh/Desktop/demo-jest/src/configs/locale/en.js
FNF:0
FNH:0
LF:0
LH:0
BRF:0
BRH:0
end_of_record
TN:
SF:/home/thanhminh/Desktop/demo-jest/src/configs/locale/index.js
FNF:0
FNH:0
LF:0
LH:0
BRF:0
BRH:0
end_of_record
TN:
SF:/home/thanhminh/Desktop/demo-jest/src/configs/locale/key.js
FNF:0
FNH:0
LF:0
LH:0
BRF:0
BRH:0
end_of_record
TN:
SF:/home/thanhminh/Desktop/demo-jest/src/configs/locale/vn.js
FNF:0
FNH:0
LF:0
LH:0
BRF:0
BRH:0
end_of_record
TN:
SF:/home/thanhminh/Desktop/demo-jest/src/screens/login/validator.js
FN:15,(anonymous_0)
FNF:1
FNH:1
FNDA:10,(anonymous_0)
DA:4,2
DA:5,2
DA:15,2
DA:16,10
DA:17,3
DA:18,7
DA:19,3
DA:20,4
DA:21,1
DA:23,3
DA:25,10
LF:11
LH:11
BRDA:16,0,0,3
BRDA:16,0,1,7
BRDA:16,1,0,10
BRDA:16,1,1,8
BRDA:18,2,0,3
BRDA:18,2,1,4
BRDA:20,3,0,1
BRDA:20,3,1,3
BRF:8
BRH:8
end_of_record
TN:
SF:/home/thanhminh/Desktop/demo-jest/src/screens/login/view.js
FN:13,(anonymous_0)
FN:28,(anonymous_1)
FN:39,(anonymous_2)
FN:57,(anonymous_3)
FN:59,(anonymous_4)
FNF:5
FNH:4
FNDA:4,(anonymous_0)
FNDA:6,(anonymous_1)
FNDA:2,(anonymous_2)
FNDA:10,(anonymous_3)
FNDA:0,(anonymous_4)
DA:11,1
DA:14,4
DA:15,4
DA:29,6
DA:30,6
DA:31,6
DA:40,2
DA:41,2
DA:42,2
DA:43,2
DA:44,1
DA:45,1
DA:50,1
DA:58,10
DA:59,10
DA:60,0
DA:62,10
LF:17
LH:16
BRDA:43,0,0,1
BRDA:43,0,1,1
BRF:2
BRH:2
end_of_record
TN:
SF:/home/thanhminh/Desktop/demo-jest/src/screens/register/validator.js
FN:24,(anonymous_0)
FNF:1
FNH:1
FNDA:13,(anonymous_0)
DA:4,2
DA:5,2
DA:6,2
DA:7,2
DA:8,2
DA:10,2
DA:24,2
DA:25,13
DA:26,1
DA:27,12
DA:28,3
DA:29,9
DA:30,1
DA:31,8
DA:32,1
DA:33,7
DA:34,1
DA:35,6
DA:36,1
DA:37,5
DA:38,2
DA:40,3
DA:42,13
LF:23
LH:23
BRDA:25,0,0,1
BRDA:25,0,1,12
BRDA:25,1,0,13
BRDA:25,1,1,12
BRDA:25,1,2,12
BRDA:25,1,3,12
BRDA:25,1,4,12
BRDA:27,2,0,3
BRDA:27,2,1,9
BRDA:29,3,0,1
BRDA:29,3,1,8
BRDA:29,4,0,9
BRDA:29,4,1,8
BRDA:31,5,0,1
BRDA:31,5,1,7
BRDA:33,6,0,1
BRDA:33,6,1,6
BRDA:35,7,0,1
BRDA:35,7,1,5
BRDA:37,8,0,2
BRDA:37,8,1,3
BRDA:37,9,0,5
BRDA:37,9,1,4
BRF:23
BRH:23
end_of_record
TN:
SF:/home/thanhminh/Desktop/demo-jest/src/screens/register/view.js
FN:14,(anonymous_0)
FN:30,(anonymous_1)
FN:41,(anonymous_2)
FN:59,(anonymous_3)
FN:61,(anonymous_4)
FNF:5
FNH:4
FNDA:4,(anonymous_0)
FNDA:15,(anonymous_1)
FNDA:2,(anonymous_2)
FNDA:19,(anonymous_3)
FNDA:0,(anonymous_4)
DA:12,1
DA:15,4
DA:16,4
DA:32,15
DA:33,15
DA:34,15
DA:42,2
DA:43,2
DA:44,2
DA:45,2
DA:46,1
DA:47,1
DA:52,1
DA:60,19
DA:61,19
DA:62,0
DA:64,19
LF:17
LH:16
BRDA:45,0,0,1
BRDA:45,0,1,1
BRF:2
BRH:2
end_of_record
